This file contains any messages produced by compilers while
running configure, to aid debugging if configure makes a mistake.

It was created by libffi-sable configure 5723, which was
generated by GNU Autoconf 2.59.  Invocation command line was

  $ ./configure --prefix=/home/seb/work/sablevm_usr/usr-partial-inlining-switch --prefix=/home/seb/work/sablevm_usr/usr-partial-inlining-switch --with-threading=switch --disable-signals-for-exceptions --enable-method-inlining --enable-debugging-features --cache-file=/dev/null --srcdir=.

## --------- ##
## Platform. ##
## --------- ##

hostname = silver
uname -m = i686
uname -r = 2.6.8-2-386
uname -s = Linux
uname -v = #1 Tue Aug 16 12:46:35 UTC 2005

/usr/bin/uname -p = unknown
/bin/uname -X     = unknown

/bin/arch              = i686
/usr/bin/arch -k       = unknown
/usr/convex/getsysinfo = unknown
hostinfo               = unknown
/bin/machine           = unknown
/usr/bin/oslevel       = unknown
/bin/universe          = unknown

PATH: /usr/share/java/jdk1.5.0_08/bin
PATH: /home/seb/work/sablevm_usr/usr-partial-inlining-inlined/bin
PATH: /usr/local/bin
PATH: /usr/bin
PATH: /bin
PATH: /usr/bin/X11
PATH: /usr/games


## ----------- ##
## Core tests. ##
## ----------- ##

configure:1563: checking build system type
configure:1581: result: i686-pc-linux-gnu
configure:1589: checking host system type
configure:1603: result: i686-pc-linux-gnu
configure:1611: checking target system type
configure:1625: result: i686-pc-linux-gnu
configure:1654: checking for a BSD-compatible install
configure:1709: result: /usr/bin/install -c
configure:1720: checking whether build environment is sane
configure:1763: result: yes
configure:1828: checking for gawk
configure:1857: result: no
configure:1828: checking for mawk
configure:1844: found /usr/bin/mawk
configure:1854: result: mawk
configure:1864: checking whether make sets $(MAKE)
configure:1884: result: yes
configure:2099: checking for gcc
configure:2115: found /usr/bin/gcc
configure:2125: result: gcc
configure:2369: checking for C compiler version
configure:2372: gcc --version </dev/null >&5
gcc (GCC) 3.3.5 (Debian 1:3.3.5-13)
Copyright (C) 2003 Free Software Foundation, Inc.
This is free software; see the source for copying conditions.  There is NO
warranty; not even for MERCHANTABILITY or FITNESS FOR A PARTICULAR PURPOSE.

configure:2375: $? = 0
configure:2377: gcc -v </dev/null >&5
Reading specs from /usr/lib/gcc-lib/i486-linux/3.3.5/specs
Configured with: ../src/configure -v --enable-languages=c,c++,java,f77,pascal,objc,ada,treelang --prefix=/usr --mandir=/usr/share/man --infodir=/usr/share/info --with-gxx-include-dir=/usr/include/c++/3.3 --enable-shared --enable-__cxa_atexit --with-system-zlib --enable-nls --without-included-gettext --enable-clocale=gnu --enable-debug --enable-java-gc=boehm --enable-java-awt=xlib --enable-objc-gc i486-linux
Thread model: posix
gcc version 3.3.5 (Debian 1:3.3.5-13)
configure:2380: $? = 0
configure:2382: gcc -V </dev/null >&5
gcc: `-V' option must have argument
configure:2385: $? = 1
configure:2408: checking for C compiler default output file name
configure:2411: gcc    conftest.c  >&5
configure:2414: $? = 0
configure:2460: result: a.out
configure:2465: checking whether the C compiler works
configure:2471: ./a.out
configure:2474: $? = 0
configure:2491: result: yes
configure:2498: checking whether we are cross compiling
configure:2500: result: no
configure:2503: checking for suffix of executables
configure:2505: gcc -o conftest    conftest.c  >&5
configure:2508: $? = 0
configure:2533: result: 
configure:2539: checking for suffix of object files
configure:2560: gcc -c   conftest.c >&5
configure:2563: $? = 0
configure:2585: result: o
configure:2589: checking whether we are using the GNU C compiler
configure:2613: gcc -c   conftest.c >&5
configure:2619: $? = 0
configure:2622: test -z 			 || test ! -s conftest.err
configure:2625: $? = 0
configure:2628: test -s conftest.o
configure:2631: $? = 0
configure:2644: result: yes
configure:2650: checking whether gcc accepts -g
configure:2671: gcc -c -g  conftest.c >&5
configure:2677: $? = 0
configure:2680: test -z 			 || test ! -s conftest.err
configure:2683: $? = 0
configure:2686: test -s conftest.o
configure:2689: $? = 0
configure:2700: result: yes
configure:2717: checking for gcc option to accept ANSI C
configure:2787: gcc  -c -g -O2  conftest.c >&5
configure:2793: $? = 0
configure:2796: test -z 			 || test ! -s conftest.err
configure:2799: $? = 0
configure:2802: test -s conftest.o
configure:2805: $? = 0
configure:2823: result: none needed
configure:2841: gcc -c -g -O2  conftest.c >&5
conftest.c:2: error: syntax error before "me"
configure:2847: $? = 1
configure: failed program was:
| #ifndef __cplusplus
|   choke me
| #endif
configure:2988: checking for style of include used by make
configure:3016: result: GNU
configure:3044: checking dependency style of gcc
configure:3134: result: gcc3
configure:3160: checking whether gcc and cc understand -c and -o together
configure:3190: gcc -c conftest.c -o conftest.o >&5
configure:3193: $? = 0
configure:3195: gcc -c conftest.c -o conftest.o >&5
configure:3198: $? = 0
configure:3205: cc -c conftest.c >&5
configure:3208: $? = 0
configure:3211: cc -c conftest.c -o conftest.o >&5
configure:3214: $? = 0
configure:3216: cc -c conftest.c -o conftest.o >&5
configure:3219: $? = 0
configure:3237: result: yes
configure:3334: checking for a sed that does not truncate output
configure:3388: result: /bin/sed
configure:3391: checking for egrep
configure:3401: result: grep -E
configure:3417: checking for ld used by gcc
configure:3484: result: /usr/bin/ld
configure:3493: checking if the linker (/usr/bin/ld) is GNU ld
configure:3508: result: yes
configure:3513: checking for /usr/bin/ld option to reload object files
configure:3520: result: -r
configure:3529: checking for BSD-compatible nm
configure:3571: result: /usr/bin/nm -B
configure:3575: checking whether ln -s works
configure:3579: result: yes
configure:3586: checking how to recognise dependent libraries
configure:3760: result: pass_all
configure:3973: checking how to run the C preprocessor
configure:4008: gcc -E  conftest.c
configure:4014: $? = 0
configure:4046: gcc -E  conftest.c
conftest.c:11:28: ac_nonexistent.h: No such file or directory
configure:4052: $? = 1
configure: failed program was:
| /* confdefs.h.  */
| 
| #define PACKAGE_NAME "libffi-sable"
| #define PACKAGE_TARNAME "libffi-sable"
| #define PACKAGE_VERSION "5723"
| #define PACKAGE_STRING "libffi-sable 5723"
| #define PACKAGE_BUGREPORT "http://sablevm.org"
| #define PACKAGE "libffi-sable"
| #define VERSION "5723"
| /* end confdefs.h.  */
| #include <ac_nonexistent.h>
configure:4091: result: gcc -E
configure:4115: gcc -E  conftest.c
configure:4121: $? = 0
configure:4153: gcc -E  conftest.c
conftest.c:11:28: ac_nonexistent.h: No such file or directory
configure:4159: $? = 1
configure: failed program was:
| /* confdefs.h.  */
| 
| #define PACKAGE_NAME "libffi-sable"
| #define PACKAGE_TARNAME "libffi-sable"
| #define PACKAGE_VERSION "5723"
| #define PACKAGE_STRING "libffi-sable 5723"
| #define PACKAGE_BUGREPORT "http://sablevm.org"
| #define PACKAGE "libffi-sable"
| #define VERSION "5723"
| /* end confdefs.h.  */
| #include <ac_nonexistent.h>
configure:4203: checking for ANSI C header files
configure:4228: gcc -c -g -O2  conftest.c >&5
configure:4234: $? = 0
configure:4237: test -z 			 || test ! -s conftest.err
configure:4240: $? = 0
configure:4243: test -s conftest.o
configure:4246: $? = 0
configure:4332: gcc -o conftest -g -O2   conftest.c  >&5
configure:4335: $? = 0
configure:4337: ./conftest
configure:4340: $? = 0
configure:4355: result: yes
configure:4379: checking for sys/types.h
configure:4395: gcc -c -g -O2  conftest.c >&5
configure:4401: $? = 0
configure:4404: test -z 			 || test ! -s conftest.err
configure:4407: $? = 0
configure:4410: test -s conftest.o
configure:4413: $? = 0
configure:4424: result: yes
configure:4379: checking for sys/stat.h
configure:4395: gcc -c -g -O2  conftest.c >&5
configure:4401: $? = 0
configure:4404: test -z 			 || test ! -s conftest.err
configure:4407: $? = 0
configure:4410: test -s conftest.o
configure:4413: $? = 0
configure:4424: result: yes
configure:4379: checking for stdlib.h
configure:4395: gcc -c -g -O2  conftest.c >&5
configure:4401: $? = 0
configure:4404: test -z 			 || test ! -s conftest.err
configure:4407: $? = 0
configure:4410: test -s conftest.o
configure:4413: $? = 0
configure:4424: result: yes
configure:4379: checking for string.h
configure:4395: gcc -c -g -O2  conftest.c >&5
configure:4401: $? = 0
configure:4404: test -z 			 || test ! -s conftest.err
configure:4407: $? = 0
configure:4410: test -s conftest.o
configure:4413: $? = 0
configure:4424: result: yes
configure:4379: checking for memory.h
configure:4395: gcc -c -g -O2  conftest.c >&5
configure:4401: $? = 0
configure:4404: test -z 			 || test ! -s conftest.err
configure:4407: $? = 0
configure:4410: test -s conftest.o
configure:4413: $? = 0
configure:4424: result: yes
configure:4379: checking for strings.h
configure:4395: gcc -c -g -O2  conftest.c >&5
configure:4401: $? = 0
configure:4404: test -z 			 || test ! -s conftest.err
configure:4407: $? = 0
configure:4410: test -s conftest.o
configure:4413: $? = 0
configure:4424: result: yes
configure:4379: checking for inttypes.h
configure:4395: gcc -c -g -O2  conftest.c >&5
configure:4401: $? = 0
configure:4404: test -z 			 || test ! -s conftest.err
configure:4407: $? = 0
configure:4410: test -s conftest.o
configure:4413: $? = 0
configure:4424: result: yes
configure:4379: checking for stdint.h
configure:4395: gcc -c -g -O2  conftest.c >&5
configure:4401: $? = 0
configure:4404: test -z 			 || test ! -s conftest.err
configure:4407: $? = 0
configure:4410: test -s conftest.o
configure:4413: $? = 0
configure:4424: result: yes
configure:4379: checking for unistd.h
configure:4395: gcc -c -g -O2  conftest.c >&5
configure:4401: $? = 0
configure:4404: test -z 			 || test ! -s conftest.err
configure:4407: $? = 0
configure:4410: test -s conftest.o
configure:4413: $? = 0
configure:4424: result: yes
configure:4450: checking dlfcn.h usability
configure:4462: gcc -c -g -O2  conftest.c >&5
configure:4468: $? = 0
configure:4471: test -z 			 || test ! -s conftest.err
configure:4474: $? = 0
configure:4477: test -s conftest.o
configure:4480: $? = 0
configure:4490: result: yes
configure:4494: checking dlfcn.h presence
configure:4504: gcc -E  conftest.c
configure:4510: $? = 0
configure:4530: result: yes
configure:4565: checking for dlfcn.h
configure:4572: result: yes
configure:4637: checking for g++
configure:4653: found /usr/bin/g++
configure:4663: result: g++
configure:4679: checking for C++ compiler version
configure:4682: g++ --version </dev/null >&5
g++ (GCC) 3.3.5 (Debian 1:3.3.5-13)
Copyright (C) 2003 Free Software Foundation, Inc.
This is free software; see the source for copying conditions.  There is NO
warranty; not even for MERCHANTABILITY or FITNESS FOR A PARTICULAR PURPOSE.

configure:4685: $? = 0
configure:4687: g++ -v </dev/null >&5
Reading specs from /usr/lib/gcc-lib/i486-linux/3.3.5/specs
Configured with: ../src/configure -v --enable-languages=c,c++,java,f77,pascal,objc,ada,treelang --prefix=/usr --mandir=/usr/share/man --infodir=/usr/share/info --with-gxx-include-dir=/usr/include/c++/3.3 --enable-shared --enable-__cxa_atexit --with-system-zlib --enable-nls --without-included-gettext --enable-clocale=gnu --enable-debug --enable-java-gc=boehm --enable-java-awt=xlib --enable-objc-gc i486-linux
Thread model: posix
gcc version 3.3.5 (Debian 1:3.3.5-13)
configure:4690: $? = 0
configure:4692: g++ -V </dev/null >&5
g++: `-V' option must have argument
configure:4695: $? = 1
configure:4698: checking whether we are using the GNU C++ compiler
configure:4722: g++ -c   conftest.cc >&5
configure:4728: $? = 0
configure:4731: test -z 			 || test ! -s conftest.err
configure:4734: $? = 0
configure:4737: test -s conftest.o
configure:4740: $? = 0
configure:4753: result: yes
configure:4759: checking whether g++ accepts -g
configure:4780: g++ -c -g  conftest.cc >&5
configure:4786: $? = 0
configure:4789: test -z 			 || test ! -s conftest.err
configure:4792: $? = 0
configure:4795: test -s conftest.o
configure:4798: $? = 0
configure:4809: result: yes
configure:4851: g++ -c -g -O2  conftest.cc >&5
configure:4857: $? = 0
configure:4860: test -z 			 || test ! -s conftest.err
configure:4863: $? = 0
configure:4866: test -s conftest.o
configure:4869: $? = 0
configure:4895: g++ -c -g -O2  conftest.cc >&5
conftest.cc: In function `int main()':
conftest.cc:26: error: `exit' undeclared (first use this function)
conftest.cc:26: error: (Each undeclared identifier is reported only once for 
   each function it appears in.)
configure:4901: $? = 1
configure: failed program was:
| /* confdefs.h.  */
| 
| #define PACKAGE_NAME "libffi-sable"
| #define PACKAGE_TARNAME "libffi-sable"
| #define PACKAGE_VERSION "5723"
| #define PACKAGE_STRING "libffi-sable 5723"
| #define PACKAGE_BUGREPORT "http://sablevm.org"
| #define PACKAGE "libffi-sable"
| #define VERSION "5723"
| #define STDC_HEADERS 1
| #define HAVE_SYS_TYPES_H 1
| #define HAVE_SYS_STAT_H 1
| #define HAVE_STDLIB_H 1
| #define HAVE_STRING_H 1
| #define HAVE_MEMORY_H 1
| #define HAVE_STRINGS_H 1
| #define HAVE_INTTYPES_H 1
| #define HAVE_STDINT_H 1
| #define HAVE_UNISTD_H 1
| #define HAVE_DLFCN_H 1
| /* end confdefs.h.  */
| 
| int
| main ()
| {
| exit (42);
|   ;
|   return 0;
| }
configure:4851: g++ -c -g -O2  conftest.cc >&5
configure:4857: $? = 0
configure:4860: test -z 			 || test ! -s conftest.err
configure:4863: $? = 0
configure:4866: test -s conftest.o
configure:4869: $? = 0
configure:4895: g++ -c -g -O2  conftest.cc >&5
configure:4901: $? = 0
configure:4904: test -z 			 || test ! -s conftest.err
configure:4907: $? = 0
configure:4910: test -s conftest.o
configure:4913: $? = 0
configure:4938: checking dependency style of g++
configure:5028: result: gcc3
configure:5050: checking how to run the C++ preprocessor
configure:5081: g++ -E  conftest.cc
configure:5087: $? = 0
configure:5119: g++ -E  conftest.cc
conftest.cc:25:28: ac_nonexistent.h: No such file or directory
configure:5125: $? = 1
configure: failed program was:
| /* confdefs.h.  */
| 
| #define PACKAGE_NAME "libffi-sable"
| #define PACKAGE_TARNAME "libffi-sable"
| #define PACKAGE_VERSION "5723"
| #define PACKAGE_STRING "libffi-sable 5723"
| #define PACKAGE_BUGREPORT "http://sablevm.org"
| #define PACKAGE "libffi-sable"
| #define VERSION "5723"
| #define STDC_HEADERS 1
| #define HAVE_SYS_TYPES_H 1
| #define HAVE_SYS_STAT_H 1
| #define HAVE_STDLIB_H 1
| #define HAVE_STRING_H 1
| #define HAVE_MEMORY_H 1
| #define HAVE_STRINGS_H 1
| #define HAVE_INTTYPES_H 1
| #define HAVE_STDINT_H 1
| #define HAVE_UNISTD_H 1
| #define HAVE_DLFCN_H 1
| #ifdef __cplusplus
| extern "C" void std::exit (int) throw (); using std::exit;
| #endif
| /* end confdefs.h.  */
| #include <ac_nonexistent.h>
configure:5164: result: g++ -E
configure:5188: g++ -E  conftest.cc
configure:5194: $? = 0
configure:5226: g++ -E  conftest.cc
conftest.cc:25:28: ac_nonexistent.h: No such file or directory
configure:5232: $? = 1
configure: failed program was:
| /* confdefs.h.  */
| 
| #define PACKAGE_NAME "libffi-sable"
| #define PACKAGE_TARNAME "libffi-sable"
| #define PACKAGE_VERSION "5723"
| #define PACKAGE_STRING "libffi-sable 5723"
| #define PACKAGE_BUGREPORT "http://sablevm.org"
| #define PACKAGE "libffi-sable"
| #define VERSION "5723"
| #define STDC_HEADERS 1
| #define HAVE_SYS_TYPES_H 1
| #define HAVE_SYS_STAT_H 1
| #define HAVE_STDLIB_H 1
| #define HAVE_STRING_H 1
| #define HAVE_MEMORY_H 1
| #define HAVE_STRINGS_H 1
| #define HAVE_INTTYPES_H 1
| #define HAVE_STDINT_H 1
| #define HAVE_UNISTD_H 1
| #define HAVE_DLFCN_H 1
| #ifdef __cplusplus
| extern "C" void std::exit (int) throw (); using std::exit;
| #endif
| /* end confdefs.h.  */
| #include <ac_nonexistent.h>
configure:5327: checking for g77
configure:5356: result: no
configure:5327: checking for f77
configure:5356: result: no
configure:5327: checking for xlf
configure:5356: result: no
configure:5327: checking for frt
configure:5356: result: no
configure:5327: checking for pgf77
configure:5356: result: no
configure:5327: checking for fort77
configure:5356: result: no
configure:5327: checking for fl32
configure:5356: result: no
configure:5327: checking for af77
configure:5356: result: no
configure:5327: checking for f90
configure:5356: result: no
configure:5327: checking for xlf90
configure:5356: result: no
configure:5327: checking for pgf90
configure:5356: result: no
configure:5327: checking for epcf90
configure:5356: result: no
configure:5327: checking for f95
configure:5356: result: no
configure:5327: checking for fort
configure:5356: result: no
configure:5327: checking for xlf95
configure:5356: result: no
configure:5327: checking for ifc
configure:5356: result: no
configure:5327: checking for efc
configure:5356: result: no
configure:5327: checking for pgf95
configure:5356: result: no
configure:5327: checking for lf95
configure:5356: result: no
configure:5327: checking for gfortran
configure:5356: result: no
configure:5371: checking for Fortran 77 compiler version
configure:5371:  --version </dev/null >&5
./configure: line 1: --version: command not found
configure:5374: $? = 127
configure:5376:  -v </dev/null >&5
./configure: line 1: -v: command not found
configure:5379: $? = 127
configure:5381:  -V </dev/null >&5
./configure: line 1: -V: command not found
configure:5384: $? = 127
configure:5392: checking whether we are using the GNU Fortran 77 compiler
configure:5406:  -c  conftest.F >&5
./configure: line 1: -c: command not found
configure:5412: $? = 127
configure: failed program was:
|       program main
| #ifndef __GNUC__
|        choke me
| #endif
| 
|       end
configure:5437: result: no
configure:5443: checking whether  accepts -g
configure:5455:  -c -g conftest.f >&5
./configure: line 1: -c: command not found
configure:5461: $? = 127
configure: failed program was:
|       program main
| 
|       end
configure:5485: result: no
configure:5515: checking the maximum length of command line arguments
configure:5580: result: 32768
configure:5591: checking command to parse /usr/bin/nm -B output from gcc object
configure:5680: gcc -c -g -O2  conftest.c >&5
configure:5683: $? = 0
configure:5687: /usr/bin/nm -B conftest.o \| sed -n -e 's/^.*[ 	]\([ABCDGIRSTW][ABCDGIRSTW]*\)[ 	][ 	]*\(\)\([_A-Za-z][_A-Za-z0-9]*\)$/\1 \2\3 \3/p' \> conftest.nm
configure:5690: $? = 0
configure:5742: gcc -o conftest -g -O2   conftest.c conftstm.o >&5
configure:5745: $? = 0
configure:5783: result: ok
configure:5787: checking for objdir
configure:5802: result: .libs
configure:5892: checking for ar
configure:5908: found /usr/bin/ar
configure:5919: result: ar
configure:5972: checking for ranlib
configure:5988: found /usr/bin/ranlib
configure:5999: result: ranlib
configure:6052: checking for strip
configure:6068: found /usr/bin/strip
configure:6079: result: strip
configure:6341: checking if gcc static flag  works
configure:6364: result: yes
configure:6382: checking if gcc supports -fno-rtti -fno-exceptions
configure:6403: gcc -c -g -O2  -fno-rtti -fno-exceptions conftest.c >&5
cc1: warning: "-fno-rtti" is valid for C++ but not for C/ObjC
configure:6407: $? = 0
configure:6415: result: no
configure:6430: checking for gcc option to produce PIC
configure:6607: result: -fPIC
configure:6615: checking if gcc PIC flag -fPIC works
configure:6636: gcc -c -g -O2  -fPIC -DPIC conftest.c >&5
configure:6640: $? = 0
configure:6648: result: yes
configure:6672: checking if gcc supports -c -o file.o
configure:6696: gcc -c -g -O2  -o out/conftest2.o conftest.c >&5
configure:6700: $? = 0
configure:6717: result: yes
configure:6743: checking whether the gcc linker (/usr/bin/ld) supports shared libraries
configure:7590: result: yes
configure:7616: checking whether -lc should be explicitly linked in
configure:7621: gcc -c -g -O2  conftest.c >&5
configure:7624: $? = 0
configure:7638: gcc -shared conftest.o  -v -Wl,-soname -Wl,conftest -o conftest 2\>\&1 \| grep  -lc  \>/dev/null 2\>\&1
configure:7641: $? = 0
configure:7653: result: no
configure:7661: checking dynamic linker characteristics
configure:8213: result: GNU/Linux ld.so
configure:8217: checking how to hardcode library paths into programs
configure:8242: result: immediate
configure:8256: checking whether stripping libraries is possible
configure:8261: result: yes
configure:9084: checking if libtool supports shared libraries
configure:9086: result: yes
configure:9089: checking whether to build shared libraries
configure:9147: result: yes
configure:9150: checking whether to build static libraries
configure:9154: result: yes
configure:9246: creating libtool
configure:9793: checking for ld used by g++
configure:9860: result: /usr/bin/ld
configure:9869: checking if the linker (/usr/bin/ld) is GNU ld
configure:9884: result: yes
configure:9935: checking whether the g++ linker (/usr/bin/ld) supports shared libraries
configure:10761: result: yes
configure:10779: g++ -c -g -O2  conftest.cc >&5
configure:10782: $? = 0
configure:10878: checking for g++ option to produce PIC
configure:11130: result: -fPIC
configure:11138: checking if g++ PIC flag -fPIC works
configure:11159: g++ -c -g -O2  -fPIC -DPIC conftest.cc >&5
configure:11163: $? = 0
configure:11171: result: yes
configure:11195: checking if g++ supports -c -o file.o
configure:11219: g++ -c -g -O2  -o out/conftest2.o conftest.cc >&5
configure:11223: $? = 0
configure:11240: result: yes
configure:11266: checking whether the g++ linker (/usr/bin/ld) supports shared libraries
configure:11294: result: yes
configure:11365: checking dynamic linker characteristics
configure:11917: result: GNU/Linux ld.so
configure:11921: checking how to hardcode library paths into programs
configure:11946: result: immediate
configure:11960: checking whether stripping libraries is possible
configure:11965: result: yes
configure:19209: checking whether to enable maintainer-specific portions of Makefiles
configure:19218: result: no
configure:19248: checking sys/mman.h usability
configure:19260: gcc -c -g -O2  conftest.c >&5
configure:19266: $? = 0
configure:19269: test -z 			 || test ! -s conftest.err
configure:19272: $? = 0
configure:19275: test -s conftest.o
configure:19278: $? = 0
configure:19288: result: yes
configure:19292: checking sys/mman.h presence
configure:19302: gcc -E  conftest.c
configure:19308: $? = 0
configure:19328: result: yes
configure:19363: checking for sys/mman.h
configure:19370: result: yes
configure:19387: checking for mmap
configure:19444: gcc -o conftest -g -O2   conftest.c  >&5
configure:19450: $? = 0
configure:19453: test -z 			 || test ! -s conftest.err
configure:19456: $? = 0
configure:19459: test -s conftest
configure:19462: $? = 0
configure:19474: result: yes
configure:19486: checking for sys/mman.h
configure:19491: result: yes
configure:19628: checking for mmap
configure:19715: result: yes
configure:19729: checking whether read-only mmap of a plain file works
configure:19746: result: yes
configure:19748: checking whether mmap from /dev/zero works
configure:19770: result: yes
configure:19774: checking for MAP_ANON(YMOUS)
configure:19802: gcc -c -g -O2  conftest.c >&5
configure:19808: $? = 0
configure:19811: test -z 			 || test ! -s conftest.err
configure:19814: $? = 0
configure:19817: test -s conftest.o
configure:19820: $? = 0
configure:19831: result: yes
configure:19837: checking whether mmap with MAP_ANON(YMOUS) works
configure:19854: result: yes
configure:20134: checking for ANSI C header files
configure:20286: result: yes
configure:20300: checking for memcpy
configure:20357: gcc -o conftest -g -O2   conftest.c  >&5
conftest.c:55: warning: conflicting types for built-in function `memcpy'
configure:20363: $? = 0
configure:20366: test -z 			 || test ! -s conftest.err
configure:20369: $? = 0
configure:20372: test -s conftest
configure:20375: $? = 0
configure:20387: result: yes
configure:20399: checking for working alloca.h
configure:20420: gcc -o conftest -g -O2   conftest.c  >&5
configure:20426: $? = 0
configure:20429: test -z 			 || test ! -s conftest.err
configure:20432: $? = 0
configure:20435: test -s conftest
configure:20438: $? = 0
configure:20450: result: yes
configure:20460: checking for alloca
configure:20501: gcc -o conftest -g -O2   conftest.c  >&5
configure:20507: $? = 0
configure:20510: test -z 			 || test ! -s conftest.err
configure:20513: $? = 0
configure:20516: test -s conftest
configure:20519: $? = 0
configure:20531: result: yes
configure:20754: checking size of double
configure:20779: gcc -c -g -O2  conftest.c >&5
conftest.c: In function `main':
conftest.c:41: error: duplicate case value
conftest.c:41: error: previously used here
configure:20785: $? = 1
configure: failed program was:
| /* confdefs.h.  */
| 
| #define PACKAGE_NAME "libffi-sable"
| #define PACKAGE_TARNAME "libffi-sable"
| #define PACKAGE_VERSION "5723"
| #define PACKAGE_STRING "libffi-sable 5723"
| #define PACKAGE_BUGREPORT "http://sablevm.org"
| #define PACKAGE "libffi-sable"
| #define VERSION "5723"
| #define STDC_HEADERS 1
| #define HAVE_SYS_TYPES_H 1
| #define HAVE_SYS_STAT_H 1
| #define HAVE_STDLIB_H 1
| #define HAVE_STRING_H 1
| #define HAVE_MEMORY_H 1
| #define HAVE_STRINGS_H 1
| #define HAVE_INTTYPES_H 1
| #define HAVE_STDINT_H 1
| #define HAVE_UNISTD_H 1
| #define HAVE_DLFCN_H 1
| #ifdef __cplusplus
| extern "C" void std::exit (int) throw (); using std::exit;
| #endif
| #define HAVE_SYS_MMAN_H 1
| #define HAVE_MMAP 1
| #define HAVE_MMAP_FILE 1
| #define HAVE_MMAP_DEV_ZERO 1
| #define HAVE_MMAP_ANON 1
| #define STDC_HEADERS 1
| #define HAVE_MEMCPY 1
| #define HAVE_ALLOCA_H 1
| #define HAVE_ALLOCA 1
| /* end confdefs.h.  */
| #include "confdefs.h"
| #include <sys/types.h>
| 
| 
| int
| main ()
| {
| switch (0) case 0: case (sizeof (double) == 4):;
|   ;
|   return 0;
| }
configure:20779: gcc -c -g -O2  conftest.c >&5
configure:20785: $? = 0
configure:20788: test -z 			 || test ! -s conftest.err
configure:20791: $? = 0
configure:20794: test -s conftest.o
configure:20797: $? = 0
configure:20816: result: 8
configure:20824: checking size of long double
configure:20849: gcc -c -g -O2  conftest.c >&5
conftest.c: In function `main':
conftest.c:42: error: duplicate case value
conftest.c:42: error: previously used here
configure:20855: $? = 1
configure: failed program was:
| /* confdefs.h.  */
| 
| #define PACKAGE_NAME "libffi-sable"
| #define PACKAGE_TARNAME "libffi-sable"
| #define PACKAGE_VERSION "5723"
| #define PACKAGE_STRING "libffi-sable 5723"
| #define PACKAGE_BUGREPORT "http://sablevm.org"
| #define PACKAGE "libffi-sable"
| #define VERSION "5723"
| #define STDC_HEADERS 1
| #define HAVE_SYS_TYPES_H 1
| #define HAVE_SYS_STAT_H 1
| #define HAVE_STDLIB_H 1
| #define HAVE_STRING_H 1
| #define HAVE_MEMORY_H 1
| #define HAVE_STRINGS_H 1
| #define HAVE_INTTYPES_H 1
| #define HAVE_STDINT_H 1
| #define HAVE_UNISTD_H 1
| #define HAVE_DLFCN_H 1
| #ifdef __cplusplus
| extern "C" void std::exit (int) throw (); using std::exit;
| #endif
| #define HAVE_SYS_MMAN_H 1
| #define HAVE_MMAP 1
| #define HAVE_MMAP_FILE 1
| #define HAVE_MMAP_DEV_ZERO 1
| #define HAVE_MMAP_ANON 1
| #define STDC_HEADERS 1
| #define HAVE_MEMCPY 1
| #define HAVE_ALLOCA_H 1
| #define HAVE_ALLOCA 1
| #define SIZEOF_DOUBLE 8
| /* end confdefs.h.  */
| #include "confdefs.h"
| #include <sys/types.h>
| 
| 
| int
| main ()
| {
| switch (0) case 0: case (sizeof (long double) == 4):;
|   ;
|   return 0;
| }
configure:20849: gcc -c -g -O2  conftest.c >&5
conftest.c: In function `main':
conftest.c:42: error: duplicate case value
conftest.c:42: error: previously used here
configure:20855: $? = 1
configure: failed program was:
| /* confdefs.h.  */
| 
| #define PACKAGE_NAME "libffi-sable"
| #define PACKAGE_TARNAME "libffi-sable"
| #define PACKAGE_VERSION "5723"
| #define PACKAGE_STRING "libffi-sable 5723"
| #define PACKAGE_BUGREPORT "http://sablevm.org"
| #define PACKAGE "libffi-sable"
| #define VERSION "5723"
| #define STDC_HEADERS 1
| #define HAVE_SYS_TYPES_H 1
| #define HAVE_SYS_STAT_H 1
| #define HAVE_STDLIB_H 1
| #define HAVE_STRING_H 1
| #define HAVE_MEMORY_H 1
| #define HAVE_STRINGS_H 1
| #define HAVE_INTTYPES_H 1
| #define HAVE_STDINT_H 1
| #define HAVE_UNISTD_H 1
| #define HAVE_DLFCN_H 1
| #ifdef __cplusplus
| extern "C" void std::exit (int) throw (); using std::exit;
| #endif
| #define HAVE_SYS_MMAN_H 1
| #define HAVE_MMAP 1
| #define HAVE_MMAP_FILE 1
| #define HAVE_MMAP_DEV_ZERO 1
| #define HAVE_MMAP_ANON 1
| #define STDC_HEADERS 1
| #define HAVE_MEMCPY 1
| #define HAVE_ALLOCA_H 1
| #define HAVE_ALLOCA 1
| #define SIZEOF_DOUBLE 8
| /* end confdefs.h.  */
| #include "confdefs.h"
| #include <sys/types.h>
| 
| 
| int
| main ()
| {
| switch (0) case 0: case (sizeof (long double) == 8):;
|   ;
|   return 0;
| }
configure:20849: gcc -c -g -O2  conftest.c >&5
conftest.c: In function `main':
conftest.c:42: error: duplicate case value
conftest.c:42: error: previously used here
configure:20855: $? = 1
configure: failed program was:
| /* confdefs.h.  */
| 
| #define PACKAGE_NAME "libffi-sable"
| #define PACKAGE_TARNAME "libffi-sable"
| #define PACKAGE_VERSION "5723"
| #define PACKAGE_STRING "libffi-sable 5723"
| #define PACKAGE_BUGREPORT "http://sablevm.org"
| #define PACKAGE "libffi-sable"
| #define VERSION "5723"
| #define STDC_HEADERS 1
| #define HAVE_SYS_TYPES_H 1
| #define HAVE_SYS_STAT_H 1
| #define HAVE_STDLIB_H 1
| #define HAVE_STRING_H 1
| #define HAVE_MEMORY_H 1
| #define HAVE_STRINGS_H 1
| #define HAVE_INTTYPES_H 1
| #define HAVE_STDINT_H 1
| #define HAVE_UNISTD_H 1
| #define HAVE_DLFCN_H 1
| #ifdef __cplusplus
| extern "C" void std::exit (int) throw (); using std::exit;
| #endif
| #define HAVE_SYS_MMAN_H 1
| #define HAVE_MMAP 1
| #define HAVE_MMAP_FILE 1
| #define HAVE_MMAP_DEV_ZERO 1
| #define HAVE_MMAP_ANON 1
| #define STDC_HEADERS 1
| #define HAVE_MEMCPY 1
| #define HAVE_ALLOCA_H 1
| #define HAVE_ALLOCA 1
| #define SIZEOF_DOUBLE 8
| /* end confdefs.h.  */
| #include "confdefs.h"
| #include <sys/types.h>
| 
| 
| int
| main ()
| {
| switch (0) case 0: case (sizeof (long double) == 1):;
|   ;
|   return 0;
| }
configure:20849: gcc -c -g -O2  conftest.c >&5
conftest.c: In function `main':
conftest.c:42: error: duplicate case value
conftest.c:42: error: previously used here
configure:20855: $? = 1
configure: failed program was:
| /* confdefs.h.  */
| 
| #define PACKAGE_NAME "libffi-sable"
| #define PACKAGE_TARNAME "libffi-sable"
| #define PACKAGE_VERSION "5723"
| #define PACKAGE_STRING "libffi-sable 5723"
| #define PACKAGE_BUGREPORT "http://sablevm.org"
| #define PACKAGE "libffi-sable"
| #define VERSION "5723"
| #define STDC_HEADERS 1
| #define HAVE_SYS_TYPES_H 1
| #define HAVE_SYS_STAT_H 1
| #define HAVE_STDLIB_H 1
| #define HAVE_STRING_H 1
| #define HAVE_MEMORY_H 1
| #define HAVE_STRINGS_H 1
| #define HAVE_INTTYPES_H 1
| #define HAVE_STDINT_H 1
| #define HAVE_UNISTD_H 1
| #define HAVE_DLFCN_H 1
| #ifdef __cplusplus
| extern "C" void std::exit (int) throw (); using std::exit;
| #endif
| #define HAVE_SYS_MMAN_H 1
| #define HAVE_MMAP 1
| #define HAVE_MMAP_FILE 1
| #define HAVE_MMAP_DEV_ZERO 1
| #define HAVE_MMAP_ANON 1
| #define STDC_HEADERS 1
| #define HAVE_MEMCPY 1
| #define HAVE_ALLOCA_H 1
| #define HAVE_ALLOCA 1
| #define SIZEOF_DOUBLE 8
| /* end confdefs.h.  */
| #include "confdefs.h"
| #include <sys/types.h>
| 
| 
| int
| main ()
| {
| switch (0) case 0: case (sizeof (long double) == 2):;
|   ;
|   return 0;
| }
configure:20849: gcc -c -g -O2  conftest.c >&5
conftest.c: In function `main':
conftest.c:42: error: duplicate case value
conftest.c:42: error: previously used here
configure:20855: $? = 1
configure: failed program was:
| /* confdefs.h.  */
| 
| #define PACKAGE_NAME "libffi-sable"
| #define PACKAGE_TARNAME "libffi-sable"
| #define PACKAGE_VERSION "5723"
| #define PACKAGE_STRING "libffi-sable 5723"
| #define PACKAGE_BUGREPORT "http://sablevm.org"
| #define PACKAGE "libffi-sable"
| #define VERSION "5723"
| #define STDC_HEADERS 1
| #define HAVE_SYS_TYPES_H 1
| #define HAVE_SYS_STAT_H 1
| #define HAVE_STDLIB_H 1
| #define HAVE_STRING_H 1
| #define HAVE_MEMORY_H 1
| #define HAVE_STRINGS_H 1
| #define HAVE_INTTYPES_H 1
| #define HAVE_STDINT_H 1
| #define HAVE_UNISTD_H 1
| #define HAVE_DLFCN_H 1
| #ifdef __cplusplus
| extern "C" void std::exit (int) throw (); using std::exit;
| #endif
| #define HAVE_SYS_MMAN_H 1
| #define HAVE_MMAP 1
| #define HAVE_MMAP_FILE 1
| #define HAVE_MMAP_DEV_ZERO 1
| #define HAVE_MMAP_ANON 1
| #define STDC_HEADERS 1
| #define HAVE_MEMCPY 1
| #define HAVE_ALLOCA_H 1
| #define HAVE_ALLOCA 1
| #define SIZEOF_DOUBLE 8
| /* end confdefs.h.  */
| #include "confdefs.h"
| #include <sys/types.h>
| 
| 
| int
| main ()
| {
| switch (0) case 0: case (sizeof (long double) == 16):;
|   ;
|   return 0;
| }
configure:20849: gcc -c -g -O2  conftest.c >&5
configure:20855: $? = 0
configure:20858: test -z 			 || test ! -s conftest.err
configure:20861: $? = 0
configure:20864: test -s conftest.o
configure:20867: $? = 0
configure:20886: result: 12
configure:20909: checking whether byte ordering is bigendian
configure:20936: gcc -c -g -O2  conftest.c >&5
configure:20942: $? = 0
configure:20945: test -z 			 || test ! -s conftest.err
configure:20948: $? = 0
configure:20951: test -s conftest.o
configure:20954: $? = 0
configure:20977: gcc -c -g -O2  conftest.c >&5
conftest.c: In function `main':
conftest.c:44: error: `not' undeclared (first use in this function)
conftest.c:44: error: (Each undeclared identifier is reported only once
conftest.c:44: error: for each function it appears in.)
conftest.c:44: error: syntax error before "big"
configure:20983: $? = 1
configure: failed program was:
| /* confdefs.h.  */
| 
| #define PACKAGE_NAME "libffi-sable"
| #define PACKAGE_TARNAME "libffi-sable"
| #define PACKAGE_VERSION "5723"
| #define PACKAGE_STRING "libffi-sable 5723"
| #define PACKAGE_BUGREPORT "http://sablevm.org"
| #define PACKAGE "libffi-sable"
| #define VERSION "5723"
| #define STDC_HEADERS 1
| #define HAVE_SYS_TYPES_H 1
| #define HAVE_SYS_STAT_H 1
| #define HAVE_STDLIB_H 1
| #define HAVE_STRING_H 1
| #define HAVE_MEMORY_H 1
| #define HAVE_STRINGS_H 1
| #define HAVE_INTTYPES_H 1
| #define HAVE_STDINT_H 1
| #define HAVE_UNISTD_H 1
| #define HAVE_DLFCN_H 1
| #ifdef __cplusplus
| extern "C" void std::exit (int) throw (); using std::exit;
| #endif
| #define HAVE_SYS_MMAN_H 1
| #define HAVE_MMAP 1
| #define HAVE_MMAP_FILE 1
| #define HAVE_MMAP_DEV_ZERO 1
| #define HAVE_MMAP_ANON 1
| #define STDC_HEADERS 1
| #define HAVE_MEMCPY 1
| #define HAVE_ALLOCA_H 1
| #define HAVE_ALLOCA 1
| #define SIZEOF_DOUBLE 8
| #define SIZEOF_LONG_DOUBLE 12
| #define HAVE_LONG_DOUBLE 1
| /* end confdefs.h.  */
| #include <sys/types.h>
| #include <sys/param.h>
| int
| main ()
| {
| 
| #if BYTE_ORDER != BIG_ENDIAN
|  not big endian
| #endif
|   ;
|   return 0;
| }
configure:21056: result: no
configure:21247: checking whether .eh_frame section should be read-only
configure:21266: result: yes
configure:21643: creating ./config.status

## ---------------------- ##
## Running config.status. ##
## ---------------------- ##

This file was extended by libffi-sable config.status 5723, which was
generated by GNU Autoconf 2.59.  Invocation command line was

  CONFIG_FILES    = 
  CONFIG_HEADERS  = 
  CONFIG_LINKS    = 
  CONFIG_COMMANDS = 
  $ ./config.status 

on silver

config.status:822: creating include/Makefile
config.status:822: creating include/ffi.h
config.status:822: creating Makefile
config.status:822: creating testsuite/Makefile
config.status:888: creating fficonfig.h
config.status:1026: fficonfig.h is unchanged
config.status:1105: linking ./src/x86/ffitarget.h to include/ffitarget.h
config.status:1342: executing depfiles commands
config.status:1342: executing include commands
config.status:1342: executing src commands

## ---------------- ##
## Cache variables. ##
## ---------------- ##

ac_cv_build=i686-pc-linux-gnu
ac_cv_build_alias=i686-pc-linux-gnu
ac_cv_c_bigendian=no
ac_cv_c_compiler_gnu=yes
ac_cv_cxx_compiler_gnu=yes
ac_cv_decl_map_anon=yes
ac_cv_env_CCASFLAGS_set=
ac_cv_env_CCASFLAGS_value=
ac_cv_env_CCAS_set=
ac_cv_env_CCAS_value=
ac_cv_env_CC_set=
ac_cv_env_CC_value=
ac_cv_env_CFLAGS_set=
ac_cv_env_CFLAGS_value=
ac_cv_env_CPPFLAGS_set=
ac_cv_env_CPPFLAGS_value=
ac_cv_env_CPP_set=
ac_cv_env_CPP_value=
ac_cv_env_CXXCPP_set=
ac_cv_env_CXXCPP_value=
ac_cv_env_CXXFLAGS_set=
ac_cv_env_CXXFLAGS_value=
ac_cv_env_CXX_set=
ac_cv_env_CXX_value=
ac_cv_env_F77_set=
ac_cv_env_F77_value=
ac_cv_env_FFLAGS_set=
ac_cv_env_FFLAGS_value=
ac_cv_env_LDFLAGS_set=
ac_cv_env_LDFLAGS_value=
ac_cv_env_build_alias_set=
ac_cv_env_build_alias_value=
ac_cv_env_host_alias_set=
ac_cv_env_host_alias_value=
ac_cv_env_target_alias_set=
ac_cv_env_target_alias_value=
ac_cv_exeext=
ac_cv_f77_compiler_gnu=no
ac_cv_func_alloca_works=yes
ac_cv_func_memcpy=yes
ac_cv_func_mmap=yes
ac_cv_func_mmap_anon=yes
ac_cv_func_mmap_dev_zero=yes
ac_cv_func_mmap_file=yes
ac_cv_header_dlfcn_h=yes
ac_cv_header_inttypes_h=yes
ac_cv_header_memory_h=yes
ac_cv_header_stdc=yes
ac_cv_header_stdint_h=yes
ac_cv_header_stdlib_h=yes
ac_cv_header_string_h=yes
ac_cv_header_strings_h=yes
ac_cv_header_sys_mman_h=yes
ac_cv_header_sys_stat_h=yes
ac_cv_header_sys_types_h=yes
ac_cv_header_unistd_h=yes
ac_cv_host=i686-pc-linux-gnu
ac_cv_host_alias=i686-pc-linux-gnu
ac_cv_objext=o
ac_cv_path_install='/usr/bin/install -c'
ac_cv_prog_AWK=mawk
ac_cv_prog_CPP='gcc -E'
ac_cv_prog_CXXCPP='g++ -E'
ac_cv_prog_ac_ct_AR=ar
ac_cv_prog_ac_ct_CC=gcc
ac_cv_prog_ac_ct_CXX=g++
ac_cv_prog_ac_ct_RANLIB=ranlib
ac_cv_prog_ac_ct_STRIP=strip
ac_cv_prog_cc_g=yes
ac_cv_prog_cc_gcc_c_o=yes
ac_cv_prog_cc_stdc=
ac_cv_prog_cxx_g=yes
ac_cv_prog_egrep='grep -E'
ac_cv_prog_f77_g=no
ac_cv_prog_make_make_set=yes
ac_cv_sizeof_double=8
ac_cv_sizeof_long_double=12
ac_cv_target=i686-pc-linux-gnu
ac_cv_target_alias=i686-pc-linux-gnu
ac_cv_working_alloca_h=yes
am_cv_CC_dependencies_compiler_type=gcc3
am_cv_CXX_dependencies_compiler_type=gcc3
libffi_cv_ro_eh_frame=yes
lt_cv_deplibs_check_method=pass_all
lt_cv_file_magic_cmd='$MAGIC_CMD'
lt_cv_file_magic_test_file=
lt_cv_ld_reload_flag=-r
lt_cv_objdir=.libs
lt_cv_path_LD=/usr/bin/ld
lt_cv_path_LDCXX=/usr/bin/ld
lt_cv_path_NM='/usr/bin/nm -B'
lt_cv_path_SED=/bin/sed
lt_cv_prog_compiler_c_o=yes
lt_cv_prog_compiler_c_o_CXX=yes
lt_cv_prog_compiler_rtti_exceptions=no
lt_cv_prog_gnu_ld=yes
lt_cv_prog_gnu_ldcxx=yes
lt_cv_sys_global_symbol_pipe='sed -n -e '\''s/^.*[ 	]\([ABCDGIRSTW][ABCDGIRSTW]*\)[ 	][ 	]*\(\)\([_A-Za-z][_A-Za-z0-9]*\)$/\1 \2\3 \3/p'\'''
lt_cv_sys_global_symbol_to_c_name_address='sed -n -e '\''s/^: \([^ ]*\) $/  {\"\1\", (lt_ptr) 0},/p'\'' -e '\''s/^[BCDEGRST] \([^ ]*\) \([^ ]*\)$/  {"\2", (lt_ptr) \&\2},/p'\'''
lt_cv_sys_global_symbol_to_cdecl='sed -n -e '\''s/^. .* \(.*\)$/extern int \1;/p'\'''
lt_cv_sys_max_cmd_len=32768
lt_lt_cv_prog_compiler_c_o='"yes"'
lt_lt_cv_prog_compiler_c_o_CXX='"yes"'
lt_lt_cv_sys_global_symbol_pipe='"sed -n -e '\''s/^.*[ 	]\\([ABCDGIRSTW][ABCDGIRSTW]*\\)[ 	][ 	]*\\(\\)\\([_A-Za-z][_A-Za-z0-9]*\\)\$/\\1 \\2\\3 \\3/p'\''"'
lt_lt_cv_sys_global_symbol_to_c_name_address='"sed -n -e '\''s/^: \\([^ ]*\\) \$/  {\\\"\\1\\\", (lt_ptr) 0},/p'\'' -e '\''s/^[BCDEGRST] \\([^ ]*\\) \\([^ ]*\\)\$/  {\"\\2\", (lt_ptr) \\&\\2},/p'\''"'
lt_lt_cv_sys_global_symbol_to_cdecl='"sed -n -e '\''s/^. .* \\(.*\\)\$/extern int \\1;/p'\''"'

## ----------------- ##
## Output variables. ##
## ----------------- ##

ACLOCAL='${SHELL} /home/seb/work/sources/subversion/sandbox/svm-partial-inlining/missing --run aclocal-1.9'
ALLOCA=''
ALPHA_FALSE=''
ALPHA_TRUE='#'
AMDEPBACKSLASH='\'
AMDEP_FALSE='#'
AMDEP_TRUE=''
AMTAR='${SHELL} /home/seb/work/sources/subversion/sandbox/svm-partial-inlining/missing --run tar'
AM_RUNTESTFLAGS=''
AR='ar'
ARM_FALSE=''
ARM_TRUE='#'
AUTOCONF='${SHELL} /home/seb/work/sources/subversion/sandbox/svm-partial-inlining/missing --run autoconf'
AUTOHEADER='${SHELL} /home/seb/work/sources/subversion/sandbox/svm-partial-inlining/missing --run autoheader'
AUTOMAKE='${SHELL} /home/seb/work/sources/subversion/sandbox/svm-partial-inlining/missing --run automake-1.9'
AWK='mawk'
CC='gcc'
CCAS='gcc'
CCASFLAGS='-g -O2'
CCDEPMODE='depmode=gcc3'
CFLAGS='-g -O2'
CONV_ONLY_LIBFFI_FALSE=''
CONV_ONLY_LIBFFI_TRUE='#'
CPP='gcc -E'
CPPFLAGS=''
CXX='g++'
CXXCPP='g++ -E'
CXXDEPMODE='depmode=gcc3'
CXXFLAGS='-g -O2'
CYGPATH_W='echo'
DEFS='-DHAVE_CONFIG_H'
DEPDIR='.deps'
ECHO='echo'
ECHO_C=''
ECHO_N='-n'
ECHO_T=''
EGREP='grep -E'
EXEEXT=''
F77=''
FFLAGS=''
FRV_FALSE=''
FRV_TRUE='#'
HAVE_LONG_DOUBLE='1'
IA64_FALSE=''
IA64_TRUE='#'
INSTALL_DATA='${INSTALL} -m 644'
INSTALL_PROGRAM='${INSTALL}'
INSTALL_SCRIPT='${INSTALL}'
INSTALL_STRIP_PROGRAM='${SHELL} $(install_sh) -c -s'
LDFLAGS=''
LIBOBJS=''
LIBS=''
LIBTOOL='$(SHELL) $(top_builddir)/libtool'
LN_S='ln -s'
LTLIBOBJS=''
M32R_FALSE=''
M32R_TRUE='#'
M68K_FALSE=''
M68K_TRUE='#'
MAINT='#'
MAINTAINER_MODE_FALSE=''
MAINTAINER_MODE_TRUE='#'
MAKEINFO='${SHELL} /home/seb/work/sources/subversion/sandbox/svm-partial-inlining/missing --run makeinfo'
MIPS_IRIX_FALSE=''
MIPS_IRIX_TRUE='#'
MIPS_LINUX_FALSE=''
MIPS_LINUX_TRUE='#'
NO_UNDEFINED=''
OBJEXT='o'
PACKAGE='libffi-sable'
PACKAGE_BUGREPORT='http://sablevm.org'
PACKAGE_NAME='libffi-sable'
PACKAGE_STRING='libffi-sable 5723'
PACKAGE_TARNAME='libffi-sable'
PACKAGE_VERSION='5723'
PATH_SEPARATOR=':'
PA_FALSE=''
PA_TRUE='#'
POWERPC_AIX_FALSE=''
POWERPC_AIX_TRUE='#'
POWERPC_DARWIN_FALSE=''
POWERPC_DARWIN_TRUE='#'
POWERPC_FALSE=''
POWERPC_TRUE='#'
RANLIB='ranlib'
S390_FALSE=''
S390_TRUE='#'
SET_MAKE=''
SH64_FALSE=''
SH64_TRUE='#'
SHELL='/bin/sh'
SH_FALSE=''
SH_TRUE='#'
SPARC_FALSE=''
SPARC_TRUE='#'
STRIP='strip'
TARGET='X86'
TARGETDIR='x86'
TESTSUBDIR_FALSE='#'
TESTSUBDIR_TRUE=''
VERSION='5723'
X86_64_FALSE=''
X86_64_TRUE='#'
X86_FALSE='#'
X86_TRUE=''
X86_WIN32_FALSE=''
X86_WIN32_TRUE='#'
ac_ct_AR='ar'
ac_ct_CC='gcc'
ac_ct_CXX='g++'
ac_ct_F77=''
ac_ct_RANLIB='ranlib'
ac_ct_STRIP='strip'
am__fastdepCC_FALSE='#'
am__fastdepCC_TRUE=''
am__fastdepCXX_FALSE='#'
am__fastdepCXX_TRUE=''
am__include='include'
am__leading_dot='.'
am__quote=''
am__tar='${AMTAR} chof - "$$tardir"'
am__untar='${AMTAR} xf -'
bindir='${exec_prefix}/bin'
build='i686-pc-linux-gnu'
build_alias=''
build_cpu='i686'
build_os='linux-gnu'
build_vendor='pc'
datadir='${prefix}/share'
exec_prefix='${prefix}'
host='i686-pc-linux-gnu'
host_alias=''
host_cpu='i686'
host_os='linux-gnu'
host_vendor='pc'
includedir='${prefix}/include'
infodir='${prefix}/info'
install_sh='/home/seb/work/sources/subversion/sandbox/svm-partial-inlining/install-sh'
libdir='${exec_prefix}/lib'
libexecdir='${exec_prefix}/libexec'
localstatedir='${prefix}/var'
mandir='${prefix}/man'
mkdir_p='mkdir -p --'
oldincludedir='/usr/include'
prefix='/home/seb/work/sablevm_usr/usr-partial-inlining-switch'
program_transform_name='s,x,x,'
sbindir='${exec_prefix}/sbin'
sharedstatedir='${prefix}/com'
sysconfdir='${prefix}/etc'
target='i686-pc-linux-gnu'
target_alias=''
target_cpu='i686'
target_os='linux-gnu'
target_vendor='pc'

## ----------- ##
## confdefs.h. ##
## ----------- ##

#define BYTEORDER 1234
#define EH_FRAME_FLAGS "a"
#define HAVE_ALLOCA 1
#define HAVE_ALLOCA_H 1
#define HAVE_DLFCN_H 1
#define HAVE_INTTYPES_H 1
#define HAVE_LONG_DOUBLE 1
#define HAVE_MEMCPY 1
#define HAVE_MEMORY_H 1
#define HAVE_MMAP 1
#define HAVE_MMAP_ANON 1
#define HAVE_MMAP_DEV_ZERO 1
#define HAVE_MMAP_FILE 1
#define HAVE_RO_EH_FRAME 1
#define HAVE_STDINT_H 1
#define HAVE_STDLIB_H 1
#define HAVE_STRINGS_H 1
#define HAVE_STRING_H 1
#define HAVE_SYS_MMAN_H 1
#define HAVE_SYS_STAT_H 1
#define HAVE_SYS_TYPES_H 1
#define HAVE_UNISTD_H 1
#define PACKAGE "libffi-sable"
#define PACKAGE_BUGREPORT "http://sablevm.org"
#define PACKAGE_NAME "libffi-sable"
#define PACKAGE_STRING "libffi-sable 5723"
#define PACKAGE_TARNAME "libffi-sable"
#define PACKAGE_VERSION "5723"
#define SIZEOF_DOUBLE 8
#define SIZEOF_LONG_DOUBLE 12
#define STDC_HEADERS 1
#define STDC_HEADERS 1
#define VERSION "5723"
#endif
#ifdef __cplusplus
extern "C" void std::exit (int) throw (); using std::exit;

configure: exit 0
