This file contains any messages produced by compilers while
running configure, to aid debugging if configure makes a mistake.

It was created by sablevm configure svm_partial_inlining+5723, which was
generated by GNU Autoconf 2.59.  Invocation command line was

  $ ./configure --prefix=/home/seb/work/sablevm_usr/usr-partial-inlining-switch --with-threading=switch --disable-signals-for-exceptions --enable-method-inlining --enable-debugging-features

## --------- ##
## Platform. ##
## --------- ##

hostname = silver
uname -m = i686
uname -r = 2.6.8-2-386
uname -s = Linux
uname -v = #1 Tue Aug 16 12:46:35 UTC 2005

/usr/bin/uname -p = unknown
/bin/uname -X     = unknown

/bin/arch              = i686
/usr/bin/arch -k       = unknown
/usr/convex/getsysinfo = unknown
hostinfo               = unknown
/bin/machine           = unknown
/usr/bin/oslevel       = unknown
/bin/universe          = unknown

PATH: /usr/share/java/jdk1.5.0_08/bin
PATH: /home/seb/work/sablevm_usr/usr-partial-inlining-inlined/bin
PATH: /usr/local/bin
PATH: /usr/bin
PATH: /bin
PATH: /usr/bin/X11
PATH: /usr/games


## ----------- ##
## Core tests. ##
## ----------- ##

configure:1602: checking for a BSD-compatible install
configure:1657: result: /usr/bin/install -c
configure:1668: checking whether build environment is sane
configure:1711: result: yes
configure:1776: checking for gawk
configure:1805: result: no
configure:1776: checking for mawk
configure:1792: found /usr/bin/mawk
configure:1802: result: mawk
configure:1812: checking whether make sets $(MAKE)
configure:1832: result: yes
configure:2073: checking build system type
configure:2091: result: i686-pc-linux-gnu
configure:2099: checking host system type
configure:2113: result: i686-pc-linux-gnu
configure:2521: checking for jikes
configure:2527: checking for jikes
configure:2545: found /usr/bin/jikes
configure:2557: result: /usr/bin/jikes
configure:2585: checking for fastjar
configure:2591: checking for fastjar
configure:2609: found /usr/bin/fastjar
configure:2621: result: /usr/bin/fastjar
configure:2645: checking for gawk
configure:2671: result: mawk
configure:2727: checking for gcc
configure:2743: found /usr/bin/gcc
configure:2753: result: gcc
configure:2997: checking for C compiler version
configure:3000: gcc --version </dev/null >&5
gcc (GCC) 3.3.5 (Debian 1:3.3.5-13)
Copyright (C) 2003 Free Software Foundation, Inc.
This is free software; see the source for copying conditions.  There is NO
warranty; not even for MERCHANTABILITY or FITNESS FOR A PARTICULAR PURPOSE.

configure:3003: $? = 0
configure:3005: gcc -v </dev/null >&5
Reading specs from /usr/lib/gcc-lib/i486-linux/3.3.5/specs
Configured with: ../src/configure -v --enable-languages=c,c++,java,f77,pascal,objc,ada,treelang --prefix=/usr --mandir=/usr/share/man --infodir=/usr/share/info --with-gxx-include-dir=/usr/include/c++/3.3 --enable-shared --enable-__cxa_atexit --with-system-zlib --enable-nls --without-included-gettext --enable-clocale=gnu --enable-debug --enable-java-gc=boehm --enable-java-awt=xlib --enable-objc-gc i486-linux
Thread model: posix
gcc version 3.3.5 (Debian 1:3.3.5-13)
configure:3008: $? = 0
configure:3010: gcc -V </dev/null >&5
gcc: `-V' option must have argument
configure:3013: $? = 1
configure:3036: checking for C compiler default output file name
configure:3039: gcc    conftest.c  >&5
configure:3042: $? = 0
configure:3088: result: a.out
configure:3093: checking whether the C compiler works
configure:3099: ./a.out
configure:3102: $? = 0
configure:3119: result: yes
configure:3126: checking whether we are cross compiling
configure:3128: result: no
configure:3131: checking for suffix of executables
configure:3133: gcc -o conftest    conftest.c  >&5
configure:3136: $? = 0
configure:3161: result: 
configure:3167: checking for suffix of object files
configure:3188: gcc -c   conftest.c >&5
configure:3191: $? = 0
configure:3213: result: o
configure:3217: checking whether we are using the GNU C compiler
configure:3241: gcc -c   conftest.c >&5
configure:3247: $? = 0
configure:3250: test -z 			 || test ! -s conftest.err
configure:3253: $? = 0
configure:3256: test -s conftest.o
configure:3259: $? = 0
configure:3272: result: yes
configure:3278: checking whether gcc accepts -g
configure:3299: gcc -c -g  conftest.c >&5
configure:3305: $? = 0
configure:3308: test -z 			 || test ! -s conftest.err
configure:3311: $? = 0
configure:3314: test -s conftest.o
configure:3317: $? = 0
configure:3328: result: yes
configure:3345: checking for gcc option to accept ANSI C
configure:3415: gcc  -c -g -O2  conftest.c >&5
configure:3421: $? = 0
configure:3424: test -z 			 || test ! -s conftest.err
configure:3427: $? = 0
configure:3430: test -s conftest.o
configure:3433: $? = 0
configure:3451: result: none needed
configure:3469: gcc -c -g -O2  conftest.c >&5
conftest.c:2: error: syntax error before "me"
configure:3475: $? = 1
configure: failed program was:
| #ifndef __cplusplus
|   choke me
| #endif
configure:3616: checking for style of include used by make
configure:3644: result: GNU
configure:3672: checking dependency style of gcc
configure:3762: result: gcc3
configure:3784: checking how to run the C preprocessor
configure:3819: gcc -E  conftest.c
configure:3825: $? = 0
configure:3857: gcc -E  conftest.c
conftest.c:22:28: ac_nonexistent.h: No such file or directory
configure:3863: $? = 1
configure: failed program was:
| /* confdefs.h.  */
| 
| #define PACKAGE_NAME "sablevm"
| #define PACKAGE_TARNAME "sablevm"
| #define PACKAGE_VERSION "svm_partial_inlining+5723"
| #define PACKAGE_STRING "sablevm svm_partial_inlining+5723"
| #define PACKAGE_BUGREPORT "http://sablevm.org/"
| #define PACKAGE "sablevm"
| #define VERSION "svm_partial_inlining+5723"
| #define _SABLEVM_PACKAGE_NAME "sablevm"
| #define _SABLEVM_PACKAGE_VERSION "svm_partial_inlining+5723"
| #define _REENTRANT 1
| #define _POSIX_C_SOURCE 199506L
| #define _XOPEN_SOURCE 500
| #define _SABLEVM_REAL_LIFE_BROKENNESS 1
| #define _SABLEVM_METHOD_INLINING 1
| #define _SABLEVM_COPY_GC 1
| #define _SABLEVM_BIDIRECTIONAL_OBJECT_LAYOUT 1
| #define _SABLEVM_SWITCH_THREADED_INTERPRETER 1
| #define svm_static static
| /* end confdefs.h.  */
| #include <ac_nonexistent.h>
configure:3902: result: gcc -E
configure:3926: gcc -E  conftest.c
configure:3932: $? = 0
configure:3964: gcc -E  conftest.c
conftest.c:22:28: ac_nonexistent.h: No such file or directory
configure:3970: $? = 1
configure: failed program was:
| /* confdefs.h.  */
| 
| #define PACKAGE_NAME "sablevm"
| #define PACKAGE_TARNAME "sablevm"
| #define PACKAGE_VERSION "svm_partial_inlining+5723"
| #define PACKAGE_STRING "sablevm svm_partial_inlining+5723"
| #define PACKAGE_BUGREPORT "http://sablevm.org/"
| #define PACKAGE "sablevm"
| #define VERSION "svm_partial_inlining+5723"
| #define _SABLEVM_PACKAGE_NAME "sablevm"
| #define _SABLEVM_PACKAGE_VERSION "svm_partial_inlining+5723"
| #define _REENTRANT 1
| #define _POSIX_C_SOURCE 199506L
| #define _XOPEN_SOURCE 500
| #define _SABLEVM_REAL_LIFE_BROKENNESS 1
| #define _SABLEVM_METHOD_INLINING 1
| #define _SABLEVM_COPY_GC 1
| #define _SABLEVM_BIDIRECTIONAL_OBJECT_LAYOUT 1
| #define _SABLEVM_SWITCH_THREADED_INTERPRETER 1
| #define svm_static static
| /* end confdefs.h.  */
| #include <ac_nonexistent.h>
configure:4026: checking for a BSD-compatible install
configure:4081: result: /usr/bin/install -c
configure:4092: checking whether ln -s works
configure:4096: result: yes
configure:4103: checking whether make sets $(MAKE)
configure:4123: result: yes
configure:4183: checking for a sed that does not truncate output
configure:4237: result: /bin/sed
configure:4240: checking for egrep
configure:4250: result: grep -E
configure:4266: checking for ld used by gcc
configure:4333: result: /usr/bin/ld
configure:4342: checking if the linker (/usr/bin/ld) is GNU ld
configure:4357: result: yes
configure:4362: checking for /usr/bin/ld option to reload object files
configure:4369: result: -r
configure:4378: checking for BSD-compatible nm
configure:4420: result: /usr/bin/nm -B
configure:4424: checking how to recognise dependent libraries
configure:4598: result: pass_all
configure:4807: checking for ANSI C header files
configure:4832: gcc -c -g -O2  conftest.c >&5
configure:4838: $? = 0
configure:4841: test -z 			 || test ! -s conftest.err
configure:4844: $? = 0
configure:4847: test -s conftest.o
configure:4850: $? = 0
configure:4936: gcc -o conftest -g -O2   conftest.c  >&5
configure:4939: $? = 0
configure:4941: ./conftest
configure:4944: $? = 0
configure:4959: result: yes
configure:4983: checking for sys/types.h
configure:4999: gcc -c -g -O2  conftest.c >&5
configure:5005: $? = 0
configure:5008: test -z 			 || test ! -s conftest.err
configure:5011: $? = 0
configure:5014: test -s conftest.o
configure:5017: $? = 0
configure:5028: result: yes
configure:4983: checking for sys/stat.h
configure:4999: gcc -c -g -O2  conftest.c >&5
configure:5005: $? = 0
configure:5008: test -z 			 || test ! -s conftest.err
configure:5011: $? = 0
configure:5014: test -s conftest.o
configure:5017: $? = 0
configure:5028: result: yes
configure:4983: checking for stdlib.h
configure:4999: gcc -c -g -O2  conftest.c >&5
configure:5005: $? = 0
configure:5008: test -z 			 || test ! -s conftest.err
configure:5011: $? = 0
configure:5014: test -s conftest.o
configure:5017: $? = 0
configure:5028: result: yes
configure:4983: checking for string.h
configure:4999: gcc -c -g -O2  conftest.c >&5
configure:5005: $? = 0
configure:5008: test -z 			 || test ! -s conftest.err
configure:5011: $? = 0
configure:5014: test -s conftest.o
configure:5017: $? = 0
configure:5028: result: yes
configure:4983: checking for memory.h
configure:4999: gcc -c -g -O2  conftest.c >&5
configure:5005: $? = 0
configure:5008: test -z 			 || test ! -s conftest.err
configure:5011: $? = 0
configure:5014: test -s conftest.o
configure:5017: $? = 0
configure:5028: result: yes
configure:4983: checking for strings.h
configure:4999: gcc -c -g -O2  conftest.c >&5
configure:5005: $? = 0
configure:5008: test -z 			 || test ! -s conftest.err
configure:5011: $? = 0
configure:5014: test -s conftest.o
configure:5017: $? = 0
configure:5028: result: yes
configure:4983: checking for inttypes.h
configure:4999: gcc -c -g -O2  conftest.c >&5
configure:5005: $? = 0
configure:5008: test -z 			 || test ! -s conftest.err
configure:5011: $? = 0
configure:5014: test -s conftest.o
configure:5017: $? = 0
configure:5028: result: yes
configure:4983: checking for stdint.h
configure:4999: gcc -c -g -O2  conftest.c >&5
configure:5005: $? = 0
configure:5008: test -z 			 || test ! -s conftest.err
configure:5011: $? = 0
configure:5014: test -s conftest.o
configure:5017: $? = 0
configure:5028: result: yes
configure:4983: checking for unistd.h
configure:4999: gcc -c -g -O2  conftest.c >&5
configure:5005: $? = 0
configure:5008: test -z 			 || test ! -s conftest.err
configure:5011: $? = 0
configure:5014: test -s conftest.o
configure:5017: $? = 0
configure:5028: result: yes
configure:5054: checking dlfcn.h usability
configure:5066: gcc -c -g -O2  conftest.c >&5
configure:5072: $? = 0
configure:5075: test -z 			 || test ! -s conftest.err
configure:5078: $? = 0
configure:5081: test -s conftest.o
configure:5084: $? = 0
configure:5094: result: yes
configure:5098: checking dlfcn.h presence
configure:5108: gcc -E  conftest.c
configure:5114: $? = 0
configure:5134: result: yes
configure:5169: checking for dlfcn.h
configure:5176: result: yes
configure:5241: checking for g++
configure:5257: found /usr/bin/g++
configure:5267: result: g++
configure:5283: checking for C++ compiler version
configure:5286: g++ --version </dev/null >&5
g++ (GCC) 3.3.5 (Debian 1:3.3.5-13)
Copyright (C) 2003 Free Software Foundation, Inc.
This is free software; see the source for copying conditions.  There is NO
warranty; not even for MERCHANTABILITY or FITNESS FOR A PARTICULAR PURPOSE.

configure:5289: $? = 0
configure:5291: g++ -v </dev/null >&5
Reading specs from /usr/lib/gcc-lib/i486-linux/3.3.5/specs
Configured with: ../src/configure -v --enable-languages=c,c++,java,f77,pascal,objc,ada,treelang --prefix=/usr --mandir=/usr/share/man --infodir=/usr/share/info --with-gxx-include-dir=/usr/include/c++/3.3 --enable-shared --enable-__cxa_atexit --with-system-zlib --enable-nls --without-included-gettext --enable-clocale=gnu --enable-debug --enable-java-gc=boehm --enable-java-awt=xlib --enable-objc-gc i486-linux
Thread model: posix
gcc version 3.3.5 (Debian 1:3.3.5-13)
configure:5294: $? = 0
configure:5296: g++ -V </dev/null >&5
g++: `-V' option must have argument
configure:5299: $? = 1
configure:5302: checking whether we are using the GNU C++ compiler
configure:5326: g++ -c   conftest.cc >&5
configure:5332: $? = 0
configure:5335: test -z 			 || test ! -s conftest.err
configure:5338: $? = 0
configure:5341: test -s conftest.o
configure:5344: $? = 0
configure:5357: result: yes
configure:5363: checking whether g++ accepts -g
configure:5384: g++ -c -g  conftest.cc >&5
configure:5390: $? = 0
configure:5393: test -z 			 || test ! -s conftest.err
configure:5396: $? = 0
configure:5399: test -s conftest.o
configure:5402: $? = 0
configure:5413: result: yes
configure:5455: g++ -c -g -O2  conftest.cc >&5
configure:5461: $? = 0
configure:5464: test -z 			 || test ! -s conftest.err
configure:5467: $? = 0
configure:5470: test -s conftest.o
configure:5473: $? = 0
configure:5499: g++ -c -g -O2  conftest.cc >&5
conftest.cc: In function `int main()':
conftest.cc:37: error: `exit' undeclared (first use this function)
conftest.cc:37: error: (Each undeclared identifier is reported only once for 
   each function it appears in.)
configure:5505: $? = 1
configure: failed program was:
| /* confdefs.h.  */
| 
| #define PACKAGE_NAME "sablevm"
| #define PACKAGE_TARNAME "sablevm"
| #define PACKAGE_VERSION "svm_partial_inlining+5723"
| #define PACKAGE_STRING "sablevm svm_partial_inlining+5723"
| #define PACKAGE_BUGREPORT "http://sablevm.org/"
| #define PACKAGE "sablevm"
| #define VERSION "svm_partial_inlining+5723"
| #define _SABLEVM_PACKAGE_NAME "sablevm"
| #define _SABLEVM_PACKAGE_VERSION "svm_partial_inlining+5723"
| #define _REENTRANT 1
| #define _POSIX_C_SOURCE 199506L
| #define _XOPEN_SOURCE 500
| #define _SABLEVM_REAL_LIFE_BROKENNESS 1
| #define _SABLEVM_METHOD_INLINING 1
| #define _SABLEVM_COPY_GC 1
| #define _SABLEVM_BIDIRECTIONAL_OBJECT_LAYOUT 1
| #define _SABLEVM_SWITCH_THREADED_INTERPRETER 1
| #define svm_static static
| #define STDC_HEADERS 1
| #define HAVE_SYS_TYPES_H 1
| #define HAVE_SYS_STAT_H 1
| #define HAVE_STDLIB_H 1
| #define HAVE_STRING_H 1
| #define HAVE_MEMORY_H 1
| #define HAVE_STRINGS_H 1
| #define HAVE_INTTYPES_H 1
| #define HAVE_STDINT_H 1
| #define HAVE_UNISTD_H 1
| #define HAVE_DLFCN_H 1
| /* end confdefs.h.  */
| 
| int
| main ()
| {
| exit (42);
|   ;
|   return 0;
| }
configure:5455: g++ -c -g -O2  conftest.cc >&5
configure:5461: $? = 0
configure:5464: test -z 			 || test ! -s conftest.err
configure:5467: $? = 0
configure:5470: test -s conftest.o
configure:5473: $? = 0
configure:5499: g++ -c -g -O2  conftest.cc >&5
configure:5505: $? = 0
configure:5508: test -z 			 || test ! -s conftest.err
configure:5511: $? = 0
configure:5514: test -s conftest.o
configure:5517: $? = 0
configure:5542: checking dependency style of g++
configure:5632: result: gcc3
configure:5654: checking how to run the C++ preprocessor
configure:5685: g++ -E  conftest.cc
configure:5691: $? = 0
configure:5723: g++ -E  conftest.cc
conftest.cc:36:28: ac_nonexistent.h: No such file or directory
configure:5729: $? = 1
configure: failed program was:
| /* confdefs.h.  */
| 
| #define PACKAGE_NAME "sablevm"
| #define PACKAGE_TARNAME "sablevm"
| #define PACKAGE_VERSION "svm_partial_inlining+5723"
| #define PACKAGE_STRING "sablevm svm_partial_inlining+5723"
| #define PACKAGE_BUGREPORT "http://sablevm.org/"
| #define PACKAGE "sablevm"
| #define VERSION "svm_partial_inlining+5723"
| #define _SABLEVM_PACKAGE_NAME "sablevm"
| #define _SABLEVM_PACKAGE_VERSION "svm_partial_inlining+5723"
| #define _REENTRANT 1
| #define _POSIX_C_SOURCE 199506L
| #define _XOPEN_SOURCE 500
| #define _SABLEVM_REAL_LIFE_BROKENNESS 1
| #define _SABLEVM_METHOD_INLINING 1
| #define _SABLEVM_COPY_GC 1
| #define _SABLEVM_BIDIRECTIONAL_OBJECT_LAYOUT 1
| #define _SABLEVM_SWITCH_THREADED_INTERPRETER 1
| #define svm_static static
| #define STDC_HEADERS 1
| #define HAVE_SYS_TYPES_H 1
| #define HAVE_SYS_STAT_H 1
| #define HAVE_STDLIB_H 1
| #define HAVE_STRING_H 1
| #define HAVE_MEMORY_H 1
| #define HAVE_STRINGS_H 1
| #define HAVE_INTTYPES_H 1
| #define HAVE_STDINT_H 1
| #define HAVE_UNISTD_H 1
| #define HAVE_DLFCN_H 1
| #ifdef __cplusplus
| extern "C" void std::exit (int) throw (); using std::exit;
| #endif
| /* end confdefs.h.  */
| #include <ac_nonexistent.h>
configure:5768: result: g++ -E
configure:5792: g++ -E  conftest.cc
configure:5798: $? = 0
configure:5830: g++ -E  conftest.cc
conftest.cc:36:28: ac_nonexistent.h: No such file or directory
configure:5836: $? = 1
configure: failed program was:
| /* confdefs.h.  */
| 
| #define PACKAGE_NAME "sablevm"
| #define PACKAGE_TARNAME "sablevm"
| #define PACKAGE_VERSION "svm_partial_inlining+5723"
| #define PACKAGE_STRING "sablevm svm_partial_inlining+5723"
| #define PACKAGE_BUGREPORT "http://sablevm.org/"
| #define PACKAGE "sablevm"
| #define VERSION "svm_partial_inlining+5723"
| #define _SABLEVM_PACKAGE_NAME "sablevm"
| #define _SABLEVM_PACKAGE_VERSION "svm_partial_inlining+5723"
| #define _REENTRANT 1
| #define _POSIX_C_SOURCE 199506L
| #define _XOPEN_SOURCE 500
| #define _SABLEVM_REAL_LIFE_BROKENNESS 1
| #define _SABLEVM_METHOD_INLINING 1
| #define _SABLEVM_COPY_GC 1
| #define _SABLEVM_BIDIRECTIONAL_OBJECT_LAYOUT 1
| #define _SABLEVM_SWITCH_THREADED_INTERPRETER 1
| #define svm_static static
| #define STDC_HEADERS 1
| #define HAVE_SYS_TYPES_H 1
| #define HAVE_SYS_STAT_H 1
| #define HAVE_STDLIB_H 1
| #define HAVE_STRING_H 1
| #define HAVE_MEMORY_H 1
| #define HAVE_STRINGS_H 1
| #define HAVE_INTTYPES_H 1
| #define HAVE_STDINT_H 1
| #define HAVE_UNISTD_H 1
| #define HAVE_DLFCN_H 1
| #ifdef __cplusplus
| extern "C" void std::exit (int) throw (); using std::exit;
| #endif
| /* end confdefs.h.  */
| #include <ac_nonexistent.h>
configure:5931: checking for g77
configure:5960: result: no
configure:5931: checking for f77
configure:5960: result: no
configure:5931: checking for xlf
configure:5960: result: no
configure:5931: checking for frt
configure:5960: result: no
configure:5931: checking for pgf77
configure:5960: result: no
configure:5931: checking for fort77
configure:5960: result: no
configure:5931: checking for fl32
configure:5960: result: no
configure:5931: checking for af77
configure:5960: result: no
configure:5931: checking for f90
configure:5960: result: no
configure:5931: checking for xlf90
configure:5960: result: no
configure:5931: checking for pgf90
configure:5960: result: no
configure:5931: checking for epcf90
configure:5960: result: no
configure:5931: checking for f95
configure:5960: result: no
configure:5931: checking for fort
configure:5960: result: no
configure:5931: checking for xlf95
configure:5960: result: no
configure:5931: checking for ifc
configure:5960: result: no
configure:5931: checking for efc
configure:5960: result: no
configure:5931: checking for pgf95
configure:5960: result: no
configure:5931: checking for lf95
configure:5960: result: no
configure:5931: checking for gfortran
configure:5960: result: no
configure:5975: checking for Fortran 77 compiler version
configure:5975:  --version </dev/null >&5
./configure: line 1: --version: command not found
configure:5978: $? = 127
configure:5980:  -v </dev/null >&5
./configure: line 1: -v: command not found
configure:5983: $? = 127
configure:5985:  -V </dev/null >&5
./configure: line 1: -V: command not found
configure:5988: $? = 127
configure:5996: checking whether we are using the GNU Fortran 77 compiler
configure:6010:  -c  conftest.F >&5
./configure: line 1: -c: command not found
configure:6016: $? = 127
configure: failed program was:
|       program main
| #ifndef __GNUC__
|        choke me
| #endif
| 
|       end
configure:6041: result: no
configure:6047: checking whether  accepts -g
configure:6059:  -c -g conftest.f >&5
./configure: line 1: -c: command not found
configure:6065: $? = 127
configure: failed program was:
|       program main
| 
|       end
configure:6089: result: no
configure:6119: checking the maximum length of command line arguments
configure:6184: result: 32768
configure:6195: checking command to parse /usr/bin/nm -B output from gcc object
configure:6284: gcc -c -g -O2  conftest.c >&5
configure:6287: $? = 0
configure:6291: /usr/bin/nm -B conftest.o \| sed -n -e 's/^.*[ 	]\([ABCDGIRSTW][ABCDGIRSTW]*\)[ 	][ 	]*\(\)\([_A-Za-z][_A-Za-z0-9]*\)$/\1 \2\3 \3/p' \> conftest.nm
configure:6294: $? = 0
configure:6346: gcc -o conftest -g -O2   conftest.c conftstm.o >&5
configure:6349: $? = 0
configure:6387: result: ok
configure:6391: checking for objdir
configure:6406: result: .libs
configure:6496: checking for ar
configure:6512: found /usr/bin/ar
configure:6523: result: ar
configure:6576: checking for ranlib
configure:6592: found /usr/bin/ranlib
configure:6603: result: ranlib
configure:6656: checking for strip
configure:6672: found /usr/bin/strip
configure:6683: result: strip
configure:6945: checking if gcc static flag  works
configure:6968: result: yes
configure:6986: checking if gcc supports -fno-rtti -fno-exceptions
configure:7007: gcc -c -g -O2  -fno-rtti -fno-exceptions conftest.c >&5
cc1: warning: "-fno-rtti" is valid for C++ but not for C/ObjC
configure:7011: $? = 0
configure:7019: result: no
configure:7034: checking for gcc option to produce PIC
configure:7211: result: -fPIC
configure:7219: checking if gcc PIC flag -fPIC works
configure:7240: gcc -c -g -O2  -fPIC -DPIC conftest.c >&5
configure:7244: $? = 0
configure:7252: result: yes
configure:7276: checking if gcc supports -c -o file.o
configure:7300: gcc -c -g -O2  -o out/conftest2.o conftest.c >&5
configure:7304: $? = 0
configure:7321: result: yes
configure:7347: checking whether the gcc linker (/usr/bin/ld) supports shared libraries
configure:8194: result: yes
configure:8220: checking whether -lc should be explicitly linked in
configure:8225: gcc -c -g -O2  conftest.c >&5
configure:8228: $? = 0
configure:8242: gcc -shared conftest.o  -v -Wl,-soname -Wl,conftest -o conftest 2\>\&1 \| grep  -lc  \>/dev/null 2\>\&1
configure:8245: $? = 0
configure:8257: result: no
configure:8265: checking dynamic linker characteristics
configure:8817: result: GNU/Linux ld.so
configure:8821: checking how to hardcode library paths into programs
configure:8846: result: immediate
configure:8860: checking whether stripping libraries is possible
configure:8865: result: yes
configure:8990: checking for shl_load
configure:9047: gcc -o conftest -g -O2   conftest.c  >&5
/tmp/ccg3pTmo.o(.text+0x11): In function `main':
/home/seb/work/sources/subversion/sandbox/svm-partial-inlining/conftest.c:76: undefined reference to `shl_load'
/tmp/ccg3pTmo.o(.data+0x0):/home/seb/work/sources/subversion/sandbox/svm-partial-inlining/conftest.c:75: undefined reference to `shl_load'
collect2: ld returned 1 exit status
configure:9053: $? = 1
configure: failed program was:
| /* confdefs.h.  */
| 
| #define PACKAGE_NAME "sablevm"
| #define PACKAGE_TARNAME "sablevm"
| #define PACKAGE_VERSION "svm_partial_inlining+5723"
| #define PACKAGE_STRING "sablevm svm_partial_inlining+5723"
| #define PACKAGE_BUGREPORT "http://sablevm.org/"
| #define PACKAGE "sablevm"
| #define VERSION "svm_partial_inlining+5723"
| #define _SABLEVM_PACKAGE_NAME "sablevm"
| #define _SABLEVM_PACKAGE_VERSION "svm_partial_inlining+5723"
| #define _REENTRANT 1
| #define _POSIX_C_SOURCE 199506L
| #define _XOPEN_SOURCE 500
| #define _SABLEVM_REAL_LIFE_BROKENNESS 1
| #define _SABLEVM_METHOD_INLINING 1
| #define _SABLEVM_COPY_GC 1
| #define _SABLEVM_BIDIRECTIONAL_OBJECT_LAYOUT 1
| #define _SABLEVM_SWITCH_THREADED_INTERPRETER 1
| #define svm_static static
| #define STDC_HEADERS 1
| #define HAVE_SYS_TYPES_H 1
| #define HAVE_SYS_STAT_H 1
| #define HAVE_STDLIB_H 1
| #define HAVE_STRING_H 1
| #define HAVE_MEMORY_H 1
| #define HAVE_STRINGS_H 1
| #define HAVE_INTTYPES_H 1
| #define HAVE_STDINT_H 1
| #define HAVE_UNISTD_H 1
| #define HAVE_DLFCN_H 1
| #ifdef __cplusplus
| extern "C" void std::exit (int) throw (); using std::exit;
| #endif
| /* end confdefs.h.  */
| /* Define shl_load to an innocuous variant, in case <limits.h> declares shl_load.
|    For example, HP-UX 11i <limits.h> declares gettimeofday.  */
| #define shl_load innocuous_shl_load
| 
| /* System header to define __stub macros and hopefully few prototypes,
|     which can conflict with char shl_load (); below.
|     Prefer <limits.h> to <assert.h> if __STDC__ is defined, since
|     <limits.h> exists even on freestanding compilers.  */
| 
| #ifdef __STDC__
| # include <limits.h>
| #else
| # include <assert.h>
| #endif
| 
| #undef shl_load
| 
| /* Override any gcc2 internal prototype to avoid an error.  */
| #ifdef __cplusplus
| extern "C"
| {
| #endif
| /* We use char because int might match the return type of a gcc2
|    builtin and then its argument prototype would still apply.  */
| char shl_load ();
| /* The GNU C library defines this for functions which it implements
|     to always fail with ENOSYS.  Some functions are actually named
|     something starting with __ and the normal name is an alias.  */
| #if defined (__stub_shl_load) || defined (__stub___shl_load)
| choke me
| #else
| char (*f) () = shl_load;
| #endif
| #ifdef __cplusplus
| }
| #endif
| 
| int
| main ()
| {
| return f != shl_load;
|   ;
|   return 0;
| }
configure:9077: result: no
configure:9082: checking for shl_load in -ldld
configure:9112: gcc -o conftest -g -O2   conftest.c -ldld   >&5
/usr/bin/ld: cannot find -ldld
collect2: ld returned 1 exit status
configure:9118: $? = 1
configure: failed program was:
| /* confdefs.h.  */
| 
| #define PACKAGE_NAME "sablevm"
| #define PACKAGE_TARNAME "sablevm"
| #define PACKAGE_VERSION "svm_partial_inlining+5723"
| #define PACKAGE_STRING "sablevm svm_partial_inlining+5723"
| #define PACKAGE_BUGREPORT "http://sablevm.org/"
| #define PACKAGE "sablevm"
| #define VERSION "svm_partial_inlining+5723"
| #define _SABLEVM_PACKAGE_NAME "sablevm"
| #define _SABLEVM_PACKAGE_VERSION "svm_partial_inlining+5723"
| #define _REENTRANT 1
| #define _POSIX_C_SOURCE 199506L
| #define _XOPEN_SOURCE 500
| #define _SABLEVM_REAL_LIFE_BROKENNESS 1
| #define _SABLEVM_METHOD_INLINING 1
| #define _SABLEVM_COPY_GC 1
| #define _SABLEVM_BIDIRECTIONAL_OBJECT_LAYOUT 1
| #define _SABLEVM_SWITCH_THREADED_INTERPRETER 1
| #define svm_static static
| #define STDC_HEADERS 1
| #define HAVE_SYS_TYPES_H 1
| #define HAVE_SYS_STAT_H 1
| #define HAVE_STDLIB_H 1
| #define HAVE_STRING_H 1
| #define HAVE_MEMORY_H 1
| #define HAVE_STRINGS_H 1
| #define HAVE_INTTYPES_H 1
| #define HAVE_STDINT_H 1
| #define HAVE_UNISTD_H 1
| #define HAVE_DLFCN_H 1
| #ifdef __cplusplus
| extern "C" void std::exit (int) throw (); using std::exit;
| #endif
| /* end confdefs.h.  */
| 
| /* Override any gcc2 internal prototype to avoid an error.  */
| #ifdef __cplusplus
| extern "C"
| #endif
| /* We use char because int might match the return type of a gcc2
|    builtin and then its argument prototype would still apply.  */
| char shl_load ();
| int
| main ()
| {
| shl_load ();
|   ;
|   return 0;
| }
configure:9143: result: no
configure:9148: checking for dlopen
configure:9205: gcc -o conftest -g -O2   conftest.c  >&5
/tmp/ccelN6Zk.o(.text+0x11): In function `main':
/home/seb/work/sources/subversion/sandbox/svm-partial-inlining/conftest.c:76: undefined reference to `dlopen'
/tmp/ccelN6Zk.o(.data+0x0):/home/seb/work/sources/subversion/sandbox/svm-partial-inlining/conftest.c:75: undefined reference to `dlopen'
collect2: ld returned 1 exit status
configure:9211: $? = 1
configure: failed program was:
| /* confdefs.h.  */
| 
| #define PACKAGE_NAME "sablevm"
| #define PACKAGE_TARNAME "sablevm"
| #define PACKAGE_VERSION "svm_partial_inlining+5723"
| #define PACKAGE_STRING "sablevm svm_partial_inlining+5723"
| #define PACKAGE_BUGREPORT "http://sablevm.org/"
| #define PACKAGE "sablevm"
| #define VERSION "svm_partial_inlining+5723"
| #define _SABLEVM_PACKAGE_NAME "sablevm"
| #define _SABLEVM_PACKAGE_VERSION "svm_partial_inlining+5723"
| #define _REENTRANT 1
| #define _POSIX_C_SOURCE 199506L
| #define _XOPEN_SOURCE 500
| #define _SABLEVM_REAL_LIFE_BROKENNESS 1
| #define _SABLEVM_METHOD_INLINING 1
| #define _SABLEVM_COPY_GC 1
| #define _SABLEVM_BIDIRECTIONAL_OBJECT_LAYOUT 1
| #define _SABLEVM_SWITCH_THREADED_INTERPRETER 1
| #define svm_static static
| #define STDC_HEADERS 1
| #define HAVE_SYS_TYPES_H 1
| #define HAVE_SYS_STAT_H 1
| #define HAVE_STDLIB_H 1
| #define HAVE_STRING_H 1
| #define HAVE_MEMORY_H 1
| #define HAVE_STRINGS_H 1
| #define HAVE_INTTYPES_H 1
| #define HAVE_STDINT_H 1
| #define HAVE_UNISTD_H 1
| #define HAVE_DLFCN_H 1
| #ifdef __cplusplus
| extern "C" void std::exit (int) throw (); using std::exit;
| #endif
| /* end confdefs.h.  */
| /* Define dlopen to an innocuous variant, in case <limits.h> declares dlopen.
|    For example, HP-UX 11i <limits.h> declares gettimeofday.  */
| #define dlopen innocuous_dlopen
| 
| /* System header to define __stub macros and hopefully few prototypes,
|     which can conflict with char dlopen (); below.
|     Prefer <limits.h> to <assert.h> if __STDC__ is defined, since
|     <limits.h> exists even on freestanding compilers.  */
| 
| #ifdef __STDC__
| # include <limits.h>
| #else
| # include <assert.h>
| #endif
| 
| #undef dlopen
| 
| /* Override any gcc2 internal prototype to avoid an error.  */
| #ifdef __cplusplus
| extern "C"
| {
| #endif
| /* We use char because int might match the return type of a gcc2
|    builtin and then its argument prototype would still apply.  */
| char dlopen ();
| /* The GNU C library defines this for functions which it implements
|     to always fail with ENOSYS.  Some functions are actually named
|     something starting with __ and the normal name is an alias.  */
| #if defined (__stub_dlopen) || defined (__stub___dlopen)
| choke me
| #else
| char (*f) () = dlopen;
| #endif
| #ifdef __cplusplus
| }
| #endif
| 
| int
| main ()
| {
| return f != dlopen;
|   ;
|   return 0;
| }
configure:9235: result: no
configure:9240: checking for dlopen in -ldl
configure:9270: gcc -o conftest -g -O2   conftest.c -ldl   >&5
configure:9276: $? = 0
configure:9279: test -z 			 || test ! -s conftest.err
configure:9282: $? = 0
configure:9285: test -s conftest
configure:9288: $? = 0
configure:9301: result: yes
configure:9474: checking whether a program can dlopen itself
configure:9546: gcc -o conftest -g -O2  -DHAVE_DLFCN_H  -Wl,--export-dynamic conftest.c -ldl  >&5
configure:9549: $? = 0
configure:9567: result: yes
configure:9572: checking whether a statically linked program can dlopen itself
configure:9644: gcc -o conftest -g -O2  -DHAVE_DLFCN_H  -Wl,--export-dynamic  conftest.c -ldl  >&5
configure:9647: $? = 0
configure:9665: result: yes
configure:9688: checking if libtool supports shared libraries
configure:9690: result: yes
configure:9693: checking whether to build shared libraries
configure:9751: result: yes
configure:9754: checking whether to build static libraries
configure:9758: result: no
configure:9850: creating libtool
configure:10397: checking for ld used by g++
configure:10464: result: /usr/bin/ld
configure:10473: checking if the linker (/usr/bin/ld) is GNU ld
configure:10488: result: yes
configure:10539: checking whether the g++ linker (/usr/bin/ld) supports shared libraries
configure:11365: result: yes
configure:11383: g++ -c -g -O2  conftest.cc >&5
configure:11386: $? = 0
configure:11482: checking for g++ option to produce PIC
configure:11734: result: -fPIC
configure:11742: checking if g++ PIC flag -fPIC works
configure:11763: g++ -c -g -O2  -fPIC -DPIC conftest.cc >&5
configure:11767: $? = 0
configure:11775: result: yes
configure:11799: checking if g++ supports -c -o file.o
configure:11823: g++ -c -g -O2  -o out/conftest2.o conftest.cc >&5
configure:11827: $? = 0
configure:11844: result: yes
configure:11870: checking whether the g++ linker (/usr/bin/ld) supports shared libraries
configure:11898: result: yes
configure:11969: checking dynamic linker characteristics
configure:12521: result: GNU/Linux ld.so
configure:12525: checking how to hardcode library paths into programs
configure:12550: result: immediate
configure:12564: checking whether stripping libraries is possible
configure:12569: result: yes
configure:12694: checking for shl_load
configure:12781: result: no
configure:12786: checking for shl_load in -ldld
configure:12847: result: no
configure:12852: checking for dlopen
configure:12939: result: no
configure:12944: checking for dlopen in -ldl
configure:13005: result: yes
configure:13178: checking whether a program can dlopen itself
configure:13271: result: yes
configure:13276: checking whether a statically linked program can dlopen itself
configure:13369: result: yes
configure:19814: checking for lt_dlinit in -lltdl
configure:19844: gcc -o conftest -g -O2   conftest.c -lltdl   >&5
configure:19850: $? = 0
configure:19853: test -z 			 || test ! -s conftest.err
configure:19856: $? = 0
configure:19859: test -s conftest
configure:19862: $? = 0
configure:19875: result: yes
configure:19883: checking for fmod in -lm
configure:19913: gcc -o conftest -g -O2   conftest.c -lm   >&5
configure:19919: $? = 0
configure:19922: test -z 			 || test ! -s conftest.err
configure:19925: $? = 0
configure:19928: test -s conftest
configure:19931: $? = 0
configure:19944: result: yes
configure:19952: checking for inflate in -lz
configure:19982: gcc -o conftest -g -O2   conftest.c -lz   >&5
configure:19988: $? = 0
configure:19991: test -z 			 || test ! -s conftest.err
configure:19994: $? = 0
configure:19997: test -s conftest
configure:20000: $? = 0
configure:20013: result: yes
configure:20033: checking for pthread_self in -lpthread
configure:20063: gcc -o conftest -g -O2   conftest.c -lpthread   >&5
configure:20069: $? = 0
configure:20072: test -z 			 || test ! -s conftest.err
configure:20075: $? = 0
configure:20078: test -s conftest
configure:20081: $? = 0
configure:20094: result: yes
configure:20107: checking for ffi_prep_cif in -lffi
configure:20137: gcc -o conftest -g -O2   conftest.c -lffi   >&5
configure:20143: $? = 0
configure:20146: test -z 			 || test ! -s conftest.err
configure:20149: $? = 0
configure:20152: test -s conftest
configure:20155: $? = 0
configure:20168: result: yes
configure:20258: checking which libffi to use
configure:20261: result: system-wide.
configure:20268: checking for poptGetContext in -lpopt
configure:20298: gcc -o conftest -g -O2   conftest.c -lpopt   >&5
configure:20304: $? = 0
configure:20307: test -z 			 || test ! -s conftest.err
configure:20310: $? = 0
configure:20313: test -s conftest
configure:20316: $? = 0
configure:20329: result: yes
configure:20415: checking which libpopt to use
configure:20418: result: system-wide.
configure:20473: checking for gm4
configure:20506: result: no
configure:20513: checking for m4
configure:20531: found /usr/bin/m4
configure:20543: result: /usr/bin/m4
configure:20566: checking for ANSI C header files
configure:20718: result: yes
configure:20748: checking errno.h usability
configure:20760: gcc -c -g -O2  conftest.c >&5
configure:20766: $? = 0
configure:20769: test -z 			 || test ! -s conftest.err
configure:20772: $? = 0
configure:20775: test -s conftest.o
configure:20778: $? = 0
configure:20788: result: yes
configure:20792: checking errno.h presence
configure:20802: gcc -E  conftest.c
configure:20808: $? = 0
configure:20828: result: yes
configure:20863: checking for errno.h
configure:20870: result: yes
configure:20748: checking fcntl.h usability
configure:20760: gcc -c -g -O2  conftest.c >&5
configure:20766: $? = 0
configure:20769: test -z 			 || test ! -s conftest.err
configure:20772: $? = 0
configure:20775: test -s conftest.o
configure:20778: $? = 0
configure:20788: result: yes
configure:20792: checking fcntl.h presence
configure:20802: gcc -E  conftest.c
configure:20808: $? = 0
configure:20828: result: yes
configure:20863: checking for fcntl.h
configure:20870: result: yes
configure:20739: checking for stdlib.h
configure:20744: result: yes
configure:20739: checking for string.h
configure:20744: result: yes
configure:20748: checking sys/time.h usability
configure:20760: gcc -c -g -O2  conftest.c >&5
configure:20766: $? = 0
configure:20769: test -z 			 || test ! -s conftest.err
configure:20772: $? = 0
configure:20775: test -s conftest.o
configure:20778: $? = 0
configure:20788: result: yes
configure:20792: checking sys/time.h presence
configure:20802: gcc -E  conftest.c
configure:20808: $? = 0
configure:20828: result: yes
configure:20863: checking for sys/time.h
configure:20870: result: yes
configure:20739: checking for unistd.h
configure:20744: result: yes
configure:20748: checking ctype.h usability
configure:20760: gcc -c -g -O2  conftest.c >&5
configure:20766: $? = 0
configure:20769: test -z 			 || test ! -s conftest.err
configure:20772: $? = 0
configure:20775: test -s conftest.o
configure:20778: $? = 0
configure:20788: result: yes
configure:20792: checking ctype.h presence
configure:20802: gcc -E  conftest.c
configure:20808: $? = 0
configure:20828: result: yes
configure:20863: checking for ctype.h
configure:20870: result: yes
configure:20886: checking for an ANSI C-conforming const
configure:20953: gcc -c -g -O2  conftest.c >&5
configure:20959: $? = 0
configure:20962: test -z 			 || test ! -s conftest.err
configure:20965: $? = 0
configure:20968: test -s conftest.o
configure:20971: $? = 0
configure:20982: result: yes
configure:20992: checking for inline
configure:21013: gcc -c -g -O2  conftest.c >&5
configure:21019: $? = 0
configure:21022: test -z 			 || test ! -s conftest.err
configure:21025: $? = 0
configure:21028: test -s conftest.o
configure:21031: $? = 0
configure:21043: result: inline
configure:21062: checking for size_t
configure:21086: gcc -c -g -O2  conftest.c >&5
configure:21092: $? = 0
configure:21095: test -z 			 || test ! -s conftest.err
configure:21098: $? = 0
configure:21101: test -s conftest.o
configure:21104: $? = 0
configure:21115: result: yes
configure:21127: checking whether time.h and sys/time.h may both be included
configure:21152: gcc -c -g -O2  conftest.c >&5
configure:21158: $? = 0
configure:21161: test -z 			 || test ! -s conftest.err
configure:21164: $? = 0
configure:21167: test -s conftest.o
configure:21170: $? = 0
configure:21181: result: yes
configure:21191: checking for siginfo_t
configure:21218: gcc -c -g -O2  conftest.c >&5
configure:21224: $? = 0
configure:21227: test -z 			 || test ! -s conftest.err
configure:21230: $? = 0
configure:21233: test -s conftest.o
configure:21236: $? = 0
configure:21247: result: yes
configure:21284: checking for stdlib.h
configure:21289: result: yes
configure:21428: checking for GNU libc compatible malloc
configure:21457: gcc -o conftest -g -O2   conftest.c  >&5
configure:21460: $? = 0
configure:21462: ./conftest
configure:21465: $? = 0
configure:21479: result: yes
configure:21516: checking for stdlib.h
configure:21521: result: yes
configure:21516: checking for unistd.h
configure:21521: result: yes
configure:21664: checking for getpagesize
configure:21721: gcc -o conftest -g -O2   conftest.c  >&5
configure:21727: $? = 0
configure:21730: test -z 			 || test ! -s conftest.err
configure:21733: $? = 0
configure:21736: test -s conftest
configure:21739: $? = 0
configure:21751: result: yes
configure:21761: checking for working mmap
configure:21903: gcc -o conftest -g -O2   conftest.c  >&5
configure:21906: $? = 0
configure:21908: ./conftest
configure:21911: $? = 0
configure:21925: result: yes
configure:21945: checking for getcwd
configure:22002: gcc -o conftest -g -O2   conftest.c  >&5
configure:22008: $? = 0
configure:22011: test -z 			 || test ! -s conftest.err
configure:22014: $? = 0
configure:22017: test -s conftest
configure:22020: $? = 0
configure:22032: result: yes
configure:21945: checking for gettimeofday
configure:22002: gcc -o conftest -g -O2   conftest.c  >&5
configure:22008: $? = 0
configure:22011: test -z 			 || test ! -s conftest.err
configure:22014: $? = 0
configure:22017: test -s conftest
configure:22020: $? = 0
configure:22032: result: yes
configure:21945: checking for memmove
configure:22002: gcc -o conftest -g -O2   conftest.c  >&5
configure:22008: $? = 0
configure:22011: test -z 			 || test ! -s conftest.err
configure:22014: $? = 0
configure:22017: test -s conftest
configure:22020: $? = 0
configure:22032: result: yes
configure:21945: checking for memset
configure:22002: gcc -o conftest -g -O2   conftest.c  >&5
conftest.c:79: warning: conflicting types for built-in function `memset'
configure:22008: $? = 0
configure:22011: test -z 			 || test ! -s conftest.err
configure:22014: $? = 0
configure:22017: test -s conftest
configure:22020: $? = 0
configure:22032: result: yes
configure:21945: checking for munmap
configure:22002: gcc -o conftest -g -O2   conftest.c  >&5
configure:22008: $? = 0
configure:22011: test -z 			 || test ! -s conftest.err
configure:22014: $? = 0
configure:22017: test -s conftest
configure:22020: $? = 0
configure:22032: result: yes
configure:21945: checking for strchr
configure:22002: gcc -o conftest -g -O2   conftest.c  >&5
conftest.c:81: warning: conflicting types for built-in function `strchr'
configure:22008: $? = 0
configure:22011: test -z 			 || test ! -s conftest.err
configure:22014: $? = 0
configure:22017: test -s conftest
configure:22020: $? = 0
configure:22032: result: yes
configure:22102: checking for __func__ availability
configure:22122: gcc -c -g -O2 -Wall -fno-gcse -fno-strict-aliasing -std=iso9899:1990 -pedantic -Werror -O0 -W 			-fno-builtin -Wshadow 			-Wpointer-arith -Wbad-function-cast 			-Wundef -Wcast-align -Wwrite-strings 			-Wsign-compare -Wstrict-prototypes 			-Wmissing-prototypes 			-Wmissing-declarations 			-Wnested-externs -Wlong-long  conftest.c >&5
conftest.c:60: warning: function declaration isn't a prototype
conftest.c:63: warning: function declaration isn't a prototype
configure:22128: $? = 1
configure: failed program was:
| /* confdefs.h.  */
| 
| #define PACKAGE_NAME "sablevm"
| #define PACKAGE_TARNAME "sablevm"
| #define PACKAGE_VERSION "svm_partial_inlining+5723"
| #define PACKAGE_STRING "sablevm svm_partial_inlining+5723"
| #define PACKAGE_BUGREPORT "http://sablevm.org/"
| #define PACKAGE "sablevm"
| #define VERSION "svm_partial_inlining+5723"
| #define _SABLEVM_PACKAGE_NAME "sablevm"
| #define _SABLEVM_PACKAGE_VERSION "svm_partial_inlining+5723"
| #define _REENTRANT 1
| #define _POSIX_C_SOURCE 199506L
| #define _XOPEN_SOURCE 500
| #define _SABLEVM_REAL_LIFE_BROKENNESS 1
| #define _SABLEVM_METHOD_INLINING 1
| #define _SABLEVM_COPY_GC 1
| #define _SABLEVM_BIDIRECTIONAL_OBJECT_LAYOUT 1
| #define _SABLEVM_SWITCH_THREADED_INTERPRETER 1
| #define svm_static static
| #define STDC_HEADERS 1
| #define HAVE_SYS_TYPES_H 1
| #define HAVE_SYS_STAT_H 1
| #define HAVE_STDLIB_H 1
| #define HAVE_STRING_H 1
| #define HAVE_MEMORY_H 1
| #define HAVE_STRINGS_H 1
| #define HAVE_INTTYPES_H 1
| #define HAVE_STDINT_H 1
| #define HAVE_UNISTD_H 1
| #define HAVE_DLFCN_H 1
| #ifdef __cplusplus
| extern "C" void std::exit (int) throw (); using std::exit;
| #endif
| #define STDC_HEADERS 1
| #define HAVE_ERRNO_H 1
| #define HAVE_FCNTL_H 1
| #define HAVE_STDLIB_H 1
| #define HAVE_STRING_H 1
| #define HAVE_SYS_TIME_H 1
| #define HAVE_UNISTD_H 1
| #define HAVE_CTYPE_H 1
| #define TIME_WITH_SYS_TIME 1
| #define _SABLEVM_HAS_SIGINFO 1
| #define HAVE_STDLIB_H 1
| #define HAVE_MALLOC 1
| #define HAVE_STDLIB_H 1
| #define HAVE_UNISTD_H 1
| #define HAVE_GETPAGESIZE 1
| #define HAVE_MMAP 1
| #define HAVE_GETCWD 1
| #define HAVE_GETTIMEOFDAY 1
| #define HAVE_MEMMOVE 1
| #define HAVE_MEMSET 1
| #define HAVE_MUNMAP 1
| #define HAVE_STRCHR 1
| /* end confdefs.h.  */
| 
|     #include <stdio.h>
|     void func() { printf("%s", __func__); }
| int
| main ()
| {
| 
|   ;
|   return 0;
| }
configure:22153: result: no
configure:22160: checking for __clear_cache availability
configure:22184: gcc -o conftest -g -O2 -Wall -fno-gcse -fno-strict-aliasing -std=iso9899:1990 -pedantic -Werror -O0 -W 			-fno-builtin -Wshadow 			-Wpointer-arith -Wbad-function-cast 			-Wundef -Wcast-align -Wwrite-strings 			-Wsign-compare -Wstrict-prototypes 			-Wmissing-prototypes 			-Wmissing-declarations 			-Wnested-externs -Wlong-long   conftest.c  >&5
conftest.c:61: warning: no previous prototype for `func'
conftest.c:67: warning: function declaration isn't a prototype
configure:22190: $? = 1
configure: failed program was:
| /* confdefs.h.  */
| 
| #define PACKAGE_NAME "sablevm"
| #define PACKAGE_TARNAME "sablevm"
| #define PACKAGE_VERSION "svm_partial_inlining+5723"
| #define PACKAGE_STRING "sablevm svm_partial_inlining+5723"
| #define PACKAGE_BUGREPORT "http://sablevm.org/"
| #define PACKAGE "sablevm"
| #define VERSION "svm_partial_inlining+5723"
| #define _SABLEVM_PACKAGE_NAME "sablevm"
| #define _SABLEVM_PACKAGE_VERSION "svm_partial_inlining+5723"
| #define _REENTRANT 1
| #define _POSIX_C_SOURCE 199506L
| #define _XOPEN_SOURCE 500
| #define _SABLEVM_REAL_LIFE_BROKENNESS 1
| #define _SABLEVM_METHOD_INLINING 1
| #define _SABLEVM_COPY_GC 1
| #define _SABLEVM_BIDIRECTIONAL_OBJECT_LAYOUT 1
| #define _SABLEVM_SWITCH_THREADED_INTERPRETER 1
| #define svm_static static
| #define STDC_HEADERS 1
| #define HAVE_SYS_TYPES_H 1
| #define HAVE_SYS_STAT_H 1
| #define HAVE_STDLIB_H 1
| #define HAVE_STRING_H 1
| #define HAVE_MEMORY_H 1
| #define HAVE_STRINGS_H 1
| #define HAVE_INTTYPES_H 1
| #define HAVE_STDINT_H 1
| #define HAVE_UNISTD_H 1
| #define HAVE_DLFCN_H 1
| #ifdef __cplusplus
| extern "C" void std::exit (int) throw (); using std::exit;
| #endif
| #define STDC_HEADERS 1
| #define HAVE_ERRNO_H 1
| #define HAVE_FCNTL_H 1
| #define HAVE_STDLIB_H 1
| #define HAVE_STRING_H 1
| #define HAVE_SYS_TIME_H 1
| #define HAVE_UNISTD_H 1
| #define HAVE_CTYPE_H 1
| #define TIME_WITH_SYS_TIME 1
| #define _SABLEVM_HAS_SIGINFO 1
| #define HAVE_STDLIB_H 1
| #define HAVE_MALLOC 1
| #define HAVE_STDLIB_H 1
| #define HAVE_UNISTD_H 1
| #define HAVE_GETPAGESIZE 1
| #define HAVE_MMAP 1
| #define HAVE_GETCWD 1
| #define HAVE_GETTIMEOFDAY 1
| #define HAVE_MEMMOVE 1
| #define HAVE_MEMSET 1
| #define HAVE_MUNMAP 1
| #define HAVE_STRCHR 1
| /* end confdefs.h.  */
| 
| #include <unistd.h>
| extern void __clear_cache (char *beg, char *end);
| void func(void) {
|   char i = 0;
|   __clear_cache(&i, (&i)+sizeof(i));
| }
| int
| main ()
| {
| 
|   ;
|   return 0;
| }
configure:22215: result: no
configure:22356: creating ./config.status

## ---------------------- ##
## Running config.status. ##
## ---------------------- ##

This file was extended by sablevm config.status svm_partial_inlining+5723, which was
generated by GNU Autoconf 2.59.  Invocation command line was

  CONFIG_FILES    = 
  CONFIG_HEADERS  = 
  CONFIG_LINKS    = 
  CONFIG_COMMANDS = 
  $ ./config.status 

on silver

config.status:778: creating Makefile
config.status:778: creating doc/Makefile
config.status:778: creating doc/java-sablevm.1
config.status:778: creating doc/sablevm.1
config.status:778: creating src/Makefile
config.status:778: creating src/include/Makefile
config.status:778: creating src/libsablevm/Makefile
config.status:778: creating src/libsablevm/include/Makefile
config.status:778: creating src/libsablevm/inlinability/Makefile
config.status:778: creating src/sablevm/Makefile
config.status:844: creating src/include/config.h
config.status:1216: executing depfiles commands
configure:23738: configuring in src/libffi
configure:23855: running /bin/sh './configure' --prefix=/home/seb/work/sablevm_usr/usr-partial-inlining-switch  '--prefix=/home/seb/work/sablevm_usr/usr-partial-inlining-switch' '--with-threading=switch' '--disable-signals-for-exceptions' '--enable-method-inlining' '--enable-debugging-features' --cache-file=/dev/null --srcdir=.
configure:23738: configuring in src/libpopt
configure:23855: running /bin/sh './configure' --prefix=/home/seb/work/sablevm_usr/usr-partial-inlining-switch  '--prefix=/home/seb/work/sablevm_usr/usr-partial-inlining-switch' '--with-threading=switch' '--disable-signals-for-exceptions' '--enable-method-inlining' '--enable-debugging-features' --cache-file=/dev/null --srcdir=.

## ---------------- ##
## Cache variables. ##
## ---------------- ##

ac_cv_build=i686-pc-linux-gnu
ac_cv_build_alias=i686-pc-linux-gnu
ac_cv_c_compiler_gnu=yes
ac_cv_c_const=yes
ac_cv_c_inline=inline
ac_cv_cxx_compiler_gnu=yes
ac_cv_env_CC_set=
ac_cv_env_CC_value=
ac_cv_env_CFLAGS_set=
ac_cv_env_CFLAGS_value=
ac_cv_env_CPPFLAGS_set=
ac_cv_env_CPPFLAGS_value=
ac_cv_env_CPP_set=
ac_cv_env_CPP_value=
ac_cv_env_CXXCPP_set=
ac_cv_env_CXXCPP_value=
ac_cv_env_CXXFLAGS_set=
ac_cv_env_CXXFLAGS_value=
ac_cv_env_CXX_set=
ac_cv_env_CXX_value=
ac_cv_env_F77_set=
ac_cv_env_F77_value=
ac_cv_env_FFLAGS_set=
ac_cv_env_FFLAGS_value=
ac_cv_env_LDFLAGS_set=
ac_cv_env_LDFLAGS_value=
ac_cv_env_build_alias_set=
ac_cv_env_build_alias_value=
ac_cv_env_host_alias_set=
ac_cv_env_host_alias_value=
ac_cv_env_target_alias_set=
ac_cv_env_target_alias_value=
ac_cv_exeext=
ac_cv_f77_compiler_gnu=no
ac_cv_func_dlopen=no
ac_cv_func_getcwd=yes
ac_cv_func_getpagesize=yes
ac_cv_func_gettimeofday=yes
ac_cv_func_malloc_0_nonnull=yes
ac_cv_func_memmove=yes
ac_cv_func_memset=yes
ac_cv_func_mmap_fixed_mapped=yes
ac_cv_func_munmap=yes
ac_cv_func_shl_load=no
ac_cv_func_strchr=yes
ac_cv_header_ctype_h=yes
ac_cv_header_dlfcn_h=yes
ac_cv_header_errno_h=yes
ac_cv_header_fcntl_h=yes
ac_cv_header_inttypes_h=yes
ac_cv_header_memory_h=yes
ac_cv_header_stdc=yes
ac_cv_header_stdint_h=yes
ac_cv_header_stdlib_h=yes
ac_cv_header_string_h=yes
ac_cv_header_strings_h=yes
ac_cv_header_sys_stat_h=yes
ac_cv_header_sys_time_h=yes
ac_cv_header_sys_types_h=yes
ac_cv_header_time=yes
ac_cv_header_unistd_h=yes
ac_cv_host=i686-pc-linux-gnu
ac_cv_host_alias=i686-pc-linux-gnu
ac_cv_lib_dl_dlopen=yes
ac_cv_lib_dld_shl_load=no
ac_cv_lib_ffi_ffi_prep_cif=yes
ac_cv_lib_ltdl_lt_dlinit=yes
ac_cv_lib_m_fmod=yes
ac_cv_lib_popt_poptGetContext=yes
ac_cv_lib_pthread_pthread_self=yes
ac_cv_lib_z_inflate=yes
ac_cv_objext=o
ac_cv_path_FASTJAR=/usr/bin/fastjar
ac_cv_path_JIKES=/usr/bin/jikes
ac_cv_path_M4=/usr/bin/m4
ac_cv_path_install='/usr/bin/install -c'
ac_cv_prog_AWK=mawk
ac_cv_prog_CPP='gcc -E'
ac_cv_prog_CXXCPP='g++ -E'
ac_cv_prog_ac_ct_AR=ar
ac_cv_prog_ac_ct_CC=gcc
ac_cv_prog_ac_ct_CXX=g++
ac_cv_prog_ac_ct_RANLIB=ranlib
ac_cv_prog_ac_ct_STRIP=strip
ac_cv_prog_cc_g=yes
ac_cv_prog_cc_stdc=
ac_cv_prog_cxx_g=yes
ac_cv_prog_egrep='grep -E'
ac_cv_prog_f77_g=no
ac_cv_prog_make_make_set=yes
ac_cv_type_siginfo_t=yes
ac_cv_type_size_t=yes
am_cv_CC_dependencies_compiler_type=gcc3
am_cv_CXX_dependencies_compiler_type=gcc3
lt_cv_deplibs_check_method=pass_all
lt_cv_dlopen=dlopen
lt_cv_dlopen_libs=-ldl
lt_cv_dlopen_self=yes
lt_cv_dlopen_self_static=yes
lt_cv_file_magic_cmd='$MAGIC_CMD'
lt_cv_file_magic_test_file=
lt_cv_ld_reload_flag=-r
lt_cv_objdir=.libs
lt_cv_path_LD=/usr/bin/ld
lt_cv_path_LDCXX=/usr/bin/ld
lt_cv_path_NM='/usr/bin/nm -B'
lt_cv_path_SED=/bin/sed
lt_cv_prog_compiler_c_o=yes
lt_cv_prog_compiler_c_o_CXX=yes
lt_cv_prog_compiler_rtti_exceptions=no
lt_cv_prog_gnu_ld=yes
lt_cv_prog_gnu_ldcxx=yes
lt_cv_sys_global_symbol_pipe='sed -n -e '\''s/^.*[ 	]\([ABCDGIRSTW][ABCDGIRSTW]*\)[ 	][ 	]*\(\)\([_A-Za-z][_A-Za-z0-9]*\)$/\1 \2\3 \3/p'\'''
lt_cv_sys_global_symbol_to_c_name_address='sed -n -e '\''s/^: \([^ ]*\) $/  {\"\1\", (lt_ptr) 0},/p'\'' -e '\''s/^[BCDEGRST] \([^ ]*\) \([^ ]*\)$/  {"\2", (lt_ptr) \&\2},/p'\'''
lt_cv_sys_global_symbol_to_cdecl='sed -n -e '\''s/^. .* \(.*\)$/extern int \1;/p'\'''
lt_cv_sys_max_cmd_len=32768
lt_lt_cv_prog_compiler_c_o='"yes"'
lt_lt_cv_prog_compiler_c_o_CXX='"yes"'
lt_lt_cv_sys_global_symbol_pipe='"sed -n -e '\''s/^.*[ 	]\\([ABCDGIRSTW][ABCDGIRSTW]*\\)[ 	][ 	]*\\(\\)\\([_A-Za-z][_A-Za-z0-9]*\\)\$/\\1 \\2\\3 \\3/p'\''"'
lt_lt_cv_sys_global_symbol_to_c_name_address='"sed -n -e '\''s/^: \\([^ ]*\\) \$/  {\\\"\\1\\\", (lt_ptr) 0},/p'\'' -e '\''s/^[BCDEGRST] \\([^ ]*\\) \\([^ ]*\\)\$/  {\"\\2\", (lt_ptr) \\&\\2},/p'\''"'
lt_lt_cv_sys_global_symbol_to_cdecl='"sed -n -e '\''s/^. .* \\(.*\\)\$/extern int \\1;/p'\''"'

## ----------------- ##
## Output variables. ##
## ----------------- ##

ACLOCAL='${SHELL} /home/seb/work/sources/subversion/sandbox/svm-partial-inlining/missing --run aclocal-1.9'
AMDEPBACKSLASH='\'
AMDEP_FALSE='#'
AMDEP_TRUE=''
AMTAR='${SHELL} /home/seb/work/sources/subversion/sandbox/svm-partial-inlining/missing --run tar'
AR='ar'
AUTOCONF='${SHELL} /home/seb/work/sources/subversion/sandbox/svm-partial-inlining/missing --run autoconf'
AUTOHEADER='${SHELL} /home/seb/work/sources/subversion/sandbox/svm-partial-inlining/missing --run autoheader'
AUTOMAKE='${SHELL} /home/seb/work/sources/subversion/sandbox/svm-partial-inlining/missing --run automake-1.9'
AWK='mawk'
CC='gcc'
CCDEPMODE='depmode=gcc3'
CFLAGS='-g -O2 -Wall -fno-gcse -fno-strict-aliasing -std=iso9899:1990 -pedantic -Werror -O0 -W 			-fno-builtin -Wshadow 			-Wpointer-arith -Wbad-function-cast 			-Wundef -Wcast-align -Wwrite-strings 			-Wsign-compare -Wstrict-prototypes 			-Wmissing-prototypes 			-Wmissing-declarations 			-Wnested-externs -Wlong-long'
CONV_LIBFFI_FALSE=''
CONV_LIBFFI_TRUE='#'
CONV_LIBPOPT_FALSE=''
CONV_LIBPOPT_TRUE='#'
CPP='gcc -E'
CPPFLAGS=''
CXX='g++'
CXXCPP='g++ -E'
CXXDEPMODE='depmode=gcc3'
CXXFLAGS='-g -O2'
CYGPATH_W='echo'
DEFS='-DHAVE_CONFIG_H'
DEPDIR='.deps'
ECHO='echo'
ECHO_C=''
ECHO_N='-n'
ECHO_T=''
EGREP='grep -E'
EXEEXT=''
F77=''
FASTJAR='/usr/bin/fastjar'
FFLAGS=''
INSTALL_DATA='${INSTALL} -m 644'
INSTALL_PROGRAM='${INSTALL}'
INSTALL_SCRIPT='${INSTALL}'
INSTALL_STRIP_PROGRAM='${SHELL} $(install_sh) -c -s'
JIKES='/usr/bin/jikes'
LDFLAGS=''
LIBOBJS=''
LIBRELEASE='svm_partial_inlining+5723'
LIBS=''
LIBSVMADD='-lm -lltdl -lz -lpthread -lffi -lpopt'
LIBSVMINCLUDE=''
LIBTOOL='$(SHELL) $(top_builddir)/libtool'
LN_S='ln -s'
LTLIBOBJS=''
M4='/usr/bin/m4'
MAKEINFO='${SHELL} /home/seb/work/sources/subversion/sandbox/svm-partial-inlining/missing --run makeinfo'
NO_UNDEFINED=''
OBJEXT='o'
PACKAGE='sablevm'
PACKAGE_BUGREPORT='http://sablevm.org/'
PACKAGE_NAME='sablevm'
PACKAGE_STRING='sablevm svm_partial_inlining+5723'
PACKAGE_TARNAME='sablevm'
PACKAGE_VERSION='svm_partial_inlining+5723'
PATH_SEPARATOR=':'
RANLIB='ranlib'
RELEASE='svm_partial_inlining+5723'
SET_MAKE=''
SHELL='/bin/sh'
STRIP='strip'
SVMADD=''
SVMINCLUDE=''
VERSION='svm_partial_inlining+5723'
ac_ct_AR='ar'
ac_ct_CC='gcc'
ac_ct_CXX='g++'
ac_ct_F77=''
ac_ct_RANLIB='ranlib'
ac_ct_STRIP='strip'
am__fastdepCC_FALSE='#'
am__fastdepCC_TRUE=''
am__fastdepCXX_FALSE='#'
am__fastdepCXX_TRUE=''
am__include='include'
am__leading_dot='.'
am__quote=''
am__tar='${AMTAR} chof - "$$tardir"'
am__untar='${AMTAR} xf -'
bindir='${exec_prefix}/bin'
build='i686-pc-linux-gnu'
build_alias=''
build_cpu='i686'
build_os='linux-gnu'
build_vendor='pc'
datadir='${prefix}/share'
exec_prefix='${prefix}'
host='i686-pc-linux-gnu'
host_alias=''
host_cpu='i686'
host_os='linux-gnu'
host_vendor='pc'
includedir='${prefix}/include'
infodir='${prefix}/info'
inlinability_testing=''
install_sh='/home/seb/work/sources/subversion/sandbox/svm-partial-inlining/install-sh'
libdir='${exec_prefix}/lib'
libexecdir='${exec_prefix}/libexec'
localstatedir='${prefix}/var'
mandir='${prefix}/man'
mkdir_p='mkdir -p --'
oldincludedir='/usr/include'
prefix='/home/seb/work/sablevm_usr/usr-partial-inlining-switch'
program_transform_name='s,x,x,'
sbindir='${exec_prefix}/sbin'
sharedstatedir='${prefix}/com'
subdirs=' src/libffi src/libpopt'
sysconfdir='${prefix}/etc'
target_alias=''

## ----------- ##
## confdefs.h. ##
## ----------- ##

#define HAVE_CTYPE_H 1
#define HAVE_DLFCN_H 1
#define HAVE_ERRNO_H 1
#define HAVE_FCNTL_H 1
#define HAVE_GETCWD 1
#define HAVE_GETPAGESIZE 1
#define HAVE_GETTIMEOFDAY 1
#define HAVE_INTTYPES_H 1
#define HAVE_MALLOC 1
#define HAVE_MEMMOVE 1
#define HAVE_MEMORY_H 1
#define HAVE_MEMSET 1
#define HAVE_MMAP 1
#define HAVE_MUNMAP 1
#define HAVE_STDINT_H 1
#define HAVE_STDLIB_H 1
#define HAVE_STDLIB_H 1
#define HAVE_STDLIB_H 1
#define HAVE_STDLIB_H 1
#define HAVE_STRCHR 1
#define HAVE_STRINGS_H 1
#define HAVE_STRING_H 1
#define HAVE_STRING_H 1
#define HAVE_SYS_STAT_H 1
#define HAVE_SYS_TIME_H 1
#define HAVE_SYS_TYPES_H 1
#define HAVE_UNISTD_H 1
#define HAVE_UNISTD_H 1
#define HAVE_UNISTD_H 1
#define PACKAGE "sablevm"
#define PACKAGE_BUGREPORT "http://sablevm.org/"
#define PACKAGE_NAME "sablevm"
#define PACKAGE_STRING "sablevm svm_partial_inlining+5723"
#define PACKAGE_TARNAME "sablevm"
#define PACKAGE_VERSION "svm_partial_inlining+5723"
#define STDC_HEADERS 1
#define STDC_HEADERS 1
#define TIME_WITH_SYS_TIME 1
#define VERSION "svm_partial_inlining+5723"
#define _POSIX_C_SOURCE 199506L
#define _REENTRANT 1
#define _SABLEVM_BIDIRECTIONAL_OBJECT_LAYOUT 1
#define _SABLEVM_COPY_GC 1
#define _SABLEVM_HAS_SIGINFO 1
#define _SABLEVM_METHOD_INLINING 1
#define _SABLEVM_PACKAGE_NAME "sablevm"
#define _SABLEVM_PACKAGE_VERSION "svm_partial_inlining+5723"
#define _SABLEVM_REAL_LIFE_BROKENNESS 1
#define _SABLEVM_SWITCH_THREADED_INTERPRETER 1
#define _XOPEN_SOURCE 500
#define svm_static static
#endif
#ifdef __cplusplus
extern "C" void std::exit (int) throw (); using std::exit;

configure: exit 0
