This file contains any messages produced by compilers while
running configure, to aid debugging if configure makes a mistake.

It was created by configure, which was
generated by GNU Autoconf 2.59.  Invocation command line was

  $ ./configure --prefix=/home/seb/work/sablevm_usr/usr-partial-inlining-switch --prefix=/home/seb/work/sablevm_usr/usr-partial-inlining-switch --with-threading=switch --disable-signals-for-exceptions --enable-method-inlining --enable-debugging-features --cache-file=/dev/null --srcdir=.

## --------- ##
## Platform. ##
## --------- ##

hostname = silver
uname -m = i686
uname -r = 2.6.8-2-386
uname -s = Linux
uname -v = #1 Tue Aug 16 12:46:35 UTC 2005

/usr/bin/uname -p = unknown
/bin/uname -X     = unknown

/bin/arch              = i686
/usr/bin/arch -k       = unknown
/usr/convex/getsysinfo = unknown
hostinfo               = unknown
/bin/machine           = unknown
/usr/bin/oslevel       = unknown
/bin/universe          = unknown

PATH: /usr/share/java/jdk1.5.0_08/bin
PATH: /home/seb/work/sablevm_usr/usr-partial-inlining-inlined/bin
PATH: /usr/local/bin
PATH: /usr/bin
PATH: /bin
PATH: /usr/bin/X11
PATH: /usr/games


## ----------- ##
## Core tests. ##
## ----------- ##

configure:1530: checking build system type
configure:1548: result: i686-pc-linux-gnu
configure:1556: checking host system type
configure:1570: result: i686-pc-linux-gnu
configure:1578: checking target system type
configure:1592: result: i686-pc-linux-gnu
configure:1623: checking for a BSD-compatible install
configure:1678: result: /usr/bin/install -c
configure:1689: checking whether build environment is sane
configure:1732: result: yes
configure:1797: checking for gawk
configure:1826: result: no
configure:1797: checking for mawk
configure:1813: found /usr/bin/mawk
configure:1823: result: mawk
configure:1833: checking whether make sets $(MAKE)
configure:1853: result: yes
configure:2034: checking for style of include used by make
configure:2062: result: GNU
configure:2133: checking for gcc
configure:2149: found /usr/bin/gcc
configure:2159: result: gcc
configure:2403: checking for C compiler version
configure:2406: gcc --version </dev/null >&5
gcc (GCC) 3.3.5 (Debian 1:3.3.5-13)
Copyright (C) 2003 Free Software Foundation, Inc.
This is free software; see the source for copying conditions.  There is NO
warranty; not even for MERCHANTABILITY or FITNESS FOR A PARTICULAR PURPOSE.

configure:2409: $? = 0
configure:2411: gcc -v </dev/null >&5
Reading specs from /usr/lib/gcc-lib/i486-linux/3.3.5/specs
Configured with: ../src/configure -v --enable-languages=c,c++,java,f77,pascal,objc,ada,treelang --prefix=/usr --mandir=/usr/share/man --infodir=/usr/share/info --with-gxx-include-dir=/usr/include/c++/3.3 --enable-shared --enable-__cxa_atexit --with-system-zlib --enable-nls --without-included-gettext --enable-clocale=gnu --enable-debug --enable-java-gc=boehm --enable-java-awt=xlib --enable-objc-gc i486-linux
Thread model: posix
gcc version 3.3.5 (Debian 1:3.3.5-13)
configure:2414: $? = 0
configure:2416: gcc -V </dev/null >&5
gcc: `-V' option must have argument
configure:2419: $? = 1
configure:2442: checking for C compiler default output file name
configure:2445: gcc    conftest.c  >&5
configure:2448: $? = 0
configure:2494: result: a.out
configure:2499: checking whether the C compiler works
configure:2505: ./a.out
configure:2508: $? = 0
configure:2525: result: yes
configure:2532: checking whether we are cross compiling
configure:2534: result: no
configure:2537: checking for suffix of executables
configure:2539: gcc -o conftest    conftest.c  >&5
configure:2542: $? = 0
configure:2567: result: 
configure:2573: checking for suffix of object files
configure:2594: gcc -c   conftest.c >&5
configure:2597: $? = 0
configure:2619: result: o
configure:2623: checking whether we are using the GNU C compiler
configure:2647: gcc -c   conftest.c >&5
configure:2653: $? = 0
configure:2656: test -z 			 || test ! -s conftest.err
configure:2659: $? = 0
configure:2662: test -s conftest.o
configure:2665: $? = 0
configure:2678: result: yes
configure:2684: checking whether gcc accepts -g
configure:2705: gcc -c -g  conftest.c >&5
configure:2711: $? = 0
configure:2714: test -z 			 || test ! -s conftest.err
configure:2717: $? = 0
configure:2720: test -s conftest.o
configure:2723: $? = 0
configure:2734: result: yes
configure:2751: checking for gcc option to accept ANSI C
configure:2821: gcc  -c -g -O2  conftest.c >&5
configure:2827: $? = 0
configure:2830: test -z 			 || test ! -s conftest.err
configure:2833: $? = 0
configure:2836: test -s conftest.o
configure:2839: $? = 0
configure:2857: result: none needed
configure:2875: gcc -c -g -O2  conftest.c >&5
conftest.c:2: error: syntax error before "me"
configure:2881: $? = 1
configure: failed program was:
| #ifndef __cplusplus
|   choke me
| #endif
configure:3013: checking dependency style of gcc
configure:3103: result: gcc3
configure:3121: checking for library containing strerror
configure:3151: gcc -o conftest -g -O2   conftest.c  >&5
configure:3157: $? = 0
configure:3160: test -z 			 || test ! -s conftest.err
configure:3163: $? = 0
configure:3166: test -s conftest
configure:3169: $? = 0
configure:3238: result: none required
configure:3292: checking for gcc
configure:3318: result: gcc
configure:3562: checking for C compiler version
configure:3565: gcc --version </dev/null >&5
gcc (GCC) 3.3.5 (Debian 1:3.3.5-13)
Copyright (C) 2003 Free Software Foundation, Inc.
This is free software; see the source for copying conditions.  There is NO
warranty; not even for MERCHANTABILITY or FITNESS FOR A PARTICULAR PURPOSE.

configure:3568: $? = 0
configure:3570: gcc -v </dev/null >&5
Reading specs from /usr/lib/gcc-lib/i486-linux/3.3.5/specs
Configured with: ../src/configure -v --enable-languages=c,c++,java,f77,pascal,objc,ada,treelang --prefix=/usr --mandir=/usr/share/man --infodir=/usr/share/info --with-gxx-include-dir=/usr/include/c++/3.3 --enable-shared --enable-__cxa_atexit --with-system-zlib --enable-nls --without-included-gettext --enable-clocale=gnu --enable-debug --enable-java-gc=boehm --enable-java-awt=xlib --enable-objc-gc i486-linux
Thread model: posix
gcc version 3.3.5 (Debian 1:3.3.5-13)
configure:3573: $? = 0
configure:3575: gcc -V </dev/null >&5
gcc: `-V' option must have argument
configure:3578: $? = 1
configure:3581: checking whether we are using the GNU C compiler
configure:3636: result: yes
configure:3642: checking whether gcc accepts -g
configure:3692: result: yes
configure:3709: checking for gcc option to accept ANSI C
configure:3815: result: none needed
configure:3833: gcc -c -g -O2  conftest.c >&5
conftest.c:2: error: syntax error before "me"
configure:3839: $? = 1
configure: failed program was:
| #ifndef __cplusplus
|   choke me
| #endif
configure:3971: checking dependency style of gcc
configure:4061: result: gcc3
configure:4083: checking how to run the C preprocessor
configure:4118: gcc -E  conftest.c
configure:4124: $? = 0
configure:4156: gcc -E  conftest.c
conftest.c:11:28: ac_nonexistent.h: No such file or directory
configure:4162: $? = 1
configure: failed program was:
| /* confdefs.h.  */
| 
| #define PACKAGE_NAME ""
| #define PACKAGE_TARNAME ""
| #define PACKAGE_VERSION ""
| #define PACKAGE_STRING ""
| #define PACKAGE_BUGREPORT ""
| #define PACKAGE "popt-sable"
| #define VERSION "1.7"
| /* end confdefs.h.  */
| #include <ac_nonexistent.h>
configure:4201: result: gcc -E
configure:4225: gcc -E  conftest.c
configure:4231: $? = 0
configure:4263: gcc -E  conftest.c
conftest.c:11:28: ac_nonexistent.h: No such file or directory
configure:4269: $? = 1
configure: failed program was:
| /* confdefs.h.  */
| 
| #define PACKAGE_NAME ""
| #define PACKAGE_TARNAME ""
| #define PACKAGE_VERSION ""
| #define PACKAGE_STRING ""
| #define PACKAGE_BUGREPORT ""
| #define PACKAGE "popt-sable"
| #define VERSION "1.7"
| /* end confdefs.h.  */
| #include <ac_nonexistent.h>
configure:4313: checking for egrep
configure:4323: result: grep -E
configure:4329: checking whether gcc needs -traditional
configure:4371: result: no
configure:4378: checking for function prototypes
configure:4381: result: yes
configure:4398: checking for ANSI C header files
configure:4423: gcc -c -g -O2  conftest.c >&5
configure:4429: $? = 0
configure:4432: test -z 			 || test ! -s conftest.err
configure:4435: $? = 0
configure:4438: test -s conftest.o
configure:4441: $? = 0
configure:4527: gcc -o conftest -g -O2   conftest.c  >&5
configure:4530: $? = 0
configure:4532: ./conftest
configure:4535: $? = 0
configure:4550: result: yes
configure:4574: checking for sys/types.h
configure:4590: gcc -c -g -O2  conftest.c >&5
configure:4596: $? = 0
configure:4599: test -z 			 || test ! -s conftest.err
configure:4602: $? = 0
configure:4605: test -s conftest.o
configure:4608: $? = 0
configure:4619: result: yes
configure:4574: checking for sys/stat.h
configure:4590: gcc -c -g -O2  conftest.c >&5
configure:4596: $? = 0
configure:4599: test -z 			 || test ! -s conftest.err
configure:4602: $? = 0
configure:4605: test -s conftest.o
configure:4608: $? = 0
configure:4619: result: yes
configure:4574: checking for stdlib.h
configure:4590: gcc -c -g -O2  conftest.c >&5
configure:4596: $? = 0
configure:4599: test -z 			 || test ! -s conftest.err
configure:4602: $? = 0
configure:4605: test -s conftest.o
configure:4608: $? = 0
configure:4619: result: yes
configure:4574: checking for string.h
configure:4590: gcc -c -g -O2  conftest.c >&5
configure:4596: $? = 0
configure:4599: test -z 			 || test ! -s conftest.err
configure:4602: $? = 0
configure:4605: test -s conftest.o
configure:4608: $? = 0
configure:4619: result: yes
configure:4574: checking for memory.h
configure:4590: gcc -c -g -O2  conftest.c >&5
configure:4596: $? = 0
configure:4599: test -z 			 || test ! -s conftest.err
configure:4602: $? = 0
configure:4605: test -s conftest.o
configure:4608: $? = 0
configure:4619: result: yes
configure:4574: checking for strings.h
configure:4590: gcc -c -g -O2  conftest.c >&5
configure:4596: $? = 0
configure:4599: test -z 			 || test ! -s conftest.err
configure:4602: $? = 0
configure:4605: test -s conftest.o
configure:4608: $? = 0
configure:4619: result: yes
configure:4574: checking for inttypes.h
configure:4590: gcc -c -g -O2  conftest.c >&5
configure:4596: $? = 0
configure:4599: test -z 			 || test ! -s conftest.err
configure:4602: $? = 0
configure:4605: test -s conftest.o
configure:4608: $? = 0
configure:4619: result: yes
configure:4574: checking for stdint.h
configure:4590: gcc -c -g -O2  conftest.c >&5
configure:4596: $? = 0
configure:4599: test -z 			 || test ! -s conftest.err
configure:4602: $? = 0
configure:4605: test -s conftest.o
configure:4608: $? = 0
configure:4619: result: yes
configure:4574: checking for unistd.h
configure:4590: gcc -c -g -O2  conftest.c >&5
configure:4596: $? = 0
configure:4599: test -z 			 || test ! -s conftest.err
configure:4602: $? = 0
configure:4605: test -s conftest.o
configure:4608: $? = 0
configure:4619: result: yes
configure:4644: checking for string.h
configure:4649: result: yes
configure:4862: checking for a sed that does not truncate output
configure:4916: result: /bin/sed
configure:4930: checking for ld used by gcc
configure:4997: result: /usr/bin/ld
configure:5006: checking if the linker (/usr/bin/ld) is GNU ld
configure:5021: result: yes
configure:5026: checking for /usr/bin/ld option to reload object files
configure:5033: result: -r
configure:5042: checking for BSD-compatible nm
configure:5084: result: /usr/bin/nm -B
configure:5088: checking whether ln -s works
configure:5092: result: yes
configure:5099: checking how to recognise dependent libraries
configure:5273: result: pass_all
configure:5494: checking dlfcn.h usability
configure:5506: gcc -c -g -O2  conftest.c >&5
configure:5512: $? = 0
configure:5515: test -z 			 || test ! -s conftest.err
configure:5518: $? = 0
configure:5521: test -s conftest.o
configure:5524: $? = 0
configure:5534: result: yes
configure:5538: checking dlfcn.h presence
configure:5548: gcc -E  conftest.c
configure:5554: $? = 0
configure:5574: result: yes
configure:5609: checking for dlfcn.h
configure:5616: result: yes
configure:5681: checking for g++
configure:5697: found /usr/bin/g++
configure:5707: result: g++
configure:5723: checking for C++ compiler version
configure:5726: g++ --version </dev/null >&5
g++ (GCC) 3.3.5 (Debian 1:3.3.5-13)
Copyright (C) 2003 Free Software Foundation, Inc.
This is free software; see the source for copying conditions.  There is NO
warranty; not even for MERCHANTABILITY or FITNESS FOR A PARTICULAR PURPOSE.

configure:5729: $? = 0
configure:5731: g++ -v </dev/null >&5
Reading specs from /usr/lib/gcc-lib/i486-linux/3.3.5/specs
Configured with: ../src/configure -v --enable-languages=c,c++,java,f77,pascal,objc,ada,treelang --prefix=/usr --mandir=/usr/share/man --infodir=/usr/share/info --with-gxx-include-dir=/usr/include/c++/3.3 --enable-shared --enable-__cxa_atexit --with-system-zlib --enable-nls --without-included-gettext --enable-clocale=gnu --enable-debug --enable-java-gc=boehm --enable-java-awt=xlib --enable-objc-gc i486-linux
Thread model: posix
gcc version 3.3.5 (Debian 1:3.3.5-13)
configure:5734: $? = 0
configure:5736: g++ -V </dev/null >&5
g++: `-V' option must have argument
configure:5739: $? = 1
configure:5742: checking whether we are using the GNU C++ compiler
configure:5766: g++ -c   conftest.cc >&5
configure:5772: $? = 0
configure:5775: test -z 			 || test ! -s conftest.err
configure:5778: $? = 0
configure:5781: test -s conftest.o
configure:5784: $? = 0
configure:5797: result: yes
configure:5803: checking whether g++ accepts -g
configure:5824: g++ -c -g  conftest.cc >&5
configure:5830: $? = 0
configure:5833: test -z 			 || test ! -s conftest.err
configure:5836: $? = 0
configure:5839: test -s conftest.o
configure:5842: $? = 0
configure:5853: result: yes
configure:5895: g++ -c -g -O2  conftest.cc >&5
configure:5901: $? = 0
configure:5904: test -z 			 || test ! -s conftest.err
configure:5907: $? = 0
configure:5910: test -s conftest.o
configure:5913: $? = 0
configure:5939: g++ -c -g -O2  conftest.cc >&5
conftest.cc: In function `int main()':
conftest.cc:29: error: `exit' undeclared (first use this function)
conftest.cc:29: error: (Each undeclared identifier is reported only once for 
   each function it appears in.)
configure:5945: $? = 1
configure: failed program was:
| /* confdefs.h.  */
| 
| #define PACKAGE_NAME ""
| #define PACKAGE_TARNAME ""
| #define PACKAGE_VERSION ""
| #define PACKAGE_STRING ""
| #define PACKAGE_BUGREPORT ""
| #define PACKAGE "popt-sable"
| #define VERSION "1.7"
| #define PROTOTYPES 1
| #define __PROTOTYPES 1
| #define STDC_HEADERS 1
| #define HAVE_SYS_TYPES_H 1
| #define HAVE_SYS_STAT_H 1
| #define HAVE_STDLIB_H 1
| #define HAVE_STRING_H 1
| #define HAVE_MEMORY_H 1
| #define HAVE_STRINGS_H 1
| #define HAVE_INTTYPES_H 1
| #define HAVE_STDINT_H 1
| #define HAVE_UNISTD_H 1
| #define HAVE_STRING_H 1
| #define HAVE_DLFCN_H 1
| /* end confdefs.h.  */
| 
| int
| main ()
| {
| exit (42);
|   ;
|   return 0;
| }
configure:5895: g++ -c -g -O2  conftest.cc >&5
configure:5901: $? = 0
configure:5904: test -z 			 || test ! -s conftest.err
configure:5907: $? = 0
configure:5910: test -s conftest.o
configure:5913: $? = 0
configure:5939: g++ -c -g -O2  conftest.cc >&5
configure:5945: $? = 0
configure:5948: test -z 			 || test ! -s conftest.err
configure:5951: $? = 0
configure:5954: test -s conftest.o
configure:5957: $? = 0
configure:5982: checking dependency style of g++
configure:6072: result: gcc3
configure:6094: checking how to run the C++ preprocessor
configure:6125: g++ -E  conftest.cc
configure:6131: $? = 0
configure:6163: g++ -E  conftest.cc
conftest.cc:28:28: ac_nonexistent.h: No such file or directory
configure:6169: $? = 1
configure: failed program was:
| /* confdefs.h.  */
| 
| #define PACKAGE_NAME ""
| #define PACKAGE_TARNAME ""
| #define PACKAGE_VERSION ""
| #define PACKAGE_STRING ""
| #define PACKAGE_BUGREPORT ""
| #define PACKAGE "popt-sable"
| #define VERSION "1.7"
| #define PROTOTYPES 1
| #define __PROTOTYPES 1
| #define STDC_HEADERS 1
| #define HAVE_SYS_TYPES_H 1
| #define HAVE_SYS_STAT_H 1
| #define HAVE_STDLIB_H 1
| #define HAVE_STRING_H 1
| #define HAVE_MEMORY_H 1
| #define HAVE_STRINGS_H 1
| #define HAVE_INTTYPES_H 1
| #define HAVE_STDINT_H 1
| #define HAVE_UNISTD_H 1
| #define HAVE_STRING_H 1
| #define HAVE_DLFCN_H 1
| #ifdef __cplusplus
| extern "C" void std::exit (int) throw (); using std::exit;
| #endif
| /* end confdefs.h.  */
| #include <ac_nonexistent.h>
configure:6208: result: g++ -E
configure:6232: g++ -E  conftest.cc
configure:6238: $? = 0
configure:6270: g++ -E  conftest.cc
conftest.cc:28:28: ac_nonexistent.h: No such file or directory
configure:6276: $? = 1
configure: failed program was:
| /* confdefs.h.  */
| 
| #define PACKAGE_NAME ""
| #define PACKAGE_TARNAME ""
| #define PACKAGE_VERSION ""
| #define PACKAGE_STRING ""
| #define PACKAGE_BUGREPORT ""
| #define PACKAGE "popt-sable"
| #define VERSION "1.7"
| #define PROTOTYPES 1
| #define __PROTOTYPES 1
| #define STDC_HEADERS 1
| #define HAVE_SYS_TYPES_H 1
| #define HAVE_SYS_STAT_H 1
| #define HAVE_STDLIB_H 1
| #define HAVE_STRING_H 1
| #define HAVE_MEMORY_H 1
| #define HAVE_STRINGS_H 1
| #define HAVE_INTTYPES_H 1
| #define HAVE_STDINT_H 1
| #define HAVE_UNISTD_H 1
| #define HAVE_STRING_H 1
| #define HAVE_DLFCN_H 1
| #ifdef __cplusplus
| extern "C" void std::exit (int) throw (); using std::exit;
| #endif
| /* end confdefs.h.  */
| #include <ac_nonexistent.h>
configure:6371: checking for g77
configure:6400: result: no
configure:6371: checking for f77
configure:6400: result: no
configure:6371: checking for xlf
configure:6400: result: no
configure:6371: checking for frt
configure:6400: result: no
configure:6371: checking for pgf77
configure:6400: result: no
configure:6371: checking for fort77
configure:6400: result: no
configure:6371: checking for fl32
configure:6400: result: no
configure:6371: checking for af77
configure:6400: result: no
configure:6371: checking for f90
configure:6400: result: no
configure:6371: checking for xlf90
configure:6400: result: no
configure:6371: checking for pgf90
configure:6400: result: no
configure:6371: checking for epcf90
configure:6400: result: no
configure:6371: checking for f95
configure:6400: result: no
configure:6371: checking for fort
configure:6400: result: no
configure:6371: checking for xlf95
configure:6400: result: no
configure:6371: checking for ifc
configure:6400: result: no
configure:6371: checking for efc
configure:6400: result: no
configure:6371: checking for pgf95
configure:6400: result: no
configure:6371: checking for lf95
configure:6400: result: no
configure:6371: checking for gfortran
configure:6400: result: no
configure:6415: checking for Fortran 77 compiler version
configure:6415:  --version </dev/null >&5
./configure: line 1: --version: command not found
configure:6418: $? = 127
configure:6420:  -v </dev/null >&5
./configure: line 1: -v: command not found
configure:6423: $? = 127
configure:6425:  -V </dev/null >&5
./configure: line 1: -V: command not found
configure:6428: $? = 127
configure:6436: checking whether we are using the GNU Fortran 77 compiler
configure:6450:  -c  conftest.F >&5
./configure: line 1: -c: command not found
configure:6456: $? = 127
configure: failed program was:
|       program main
| #ifndef __GNUC__
|        choke me
| #endif
| 
|       end
configure:6481: result: no
configure:6487: checking whether  accepts -g
configure:6499:  -c -g conftest.f >&5
./configure: line 1: -c: command not found
configure:6505: $? = 127
configure: failed program was:
|       program main
| 
|       end
configure:6529: result: no
configure:6559: checking the maximum length of command line arguments
configure:6624: result: 32768
configure:6635: checking command to parse /usr/bin/nm -B output from gcc object
configure:6724: gcc -c -g -O2  conftest.c >&5
configure:6727: $? = 0
configure:6731: /usr/bin/nm -B conftest.o \| sed -n -e 's/^.*[ 	]\([ABCDGIRSTW][ABCDGIRSTW]*\)[ 	][ 	]*\(\)\([_A-Za-z][_A-Za-z0-9]*\)$/\1 \2\3 \3/p' \> conftest.nm
configure:6734: $? = 0
configure:6786: gcc -o conftest -g -O2   conftest.c conftstm.o >&5
configure:6789: $? = 0
configure:6827: result: ok
configure:6831: checking for objdir
configure:6846: result: .libs
configure:6936: checking for ar
configure:6952: found /usr/bin/ar
configure:6963: result: ar
configure:7016: checking for ranlib
configure:7032: found /usr/bin/ranlib
configure:7043: result: ranlib
configure:7096: checking for strip
configure:7112: found /usr/bin/strip
configure:7123: result: strip
configure:7385: checking if gcc static flag  works
configure:7408: result: yes
configure:7426: checking if gcc supports -fno-rtti -fno-exceptions
configure:7447: gcc -c -g -O2  -fno-rtti -fno-exceptions conftest.c >&5
cc1: warning: "-fno-rtti" is valid for C++ but not for C/ObjC
configure:7451: $? = 0
configure:7459: result: no
configure:7474: checking for gcc option to produce PIC
configure:7651: result: -fPIC
configure:7659: checking if gcc PIC flag -fPIC works
configure:7680: gcc -c -g -O2  -fPIC -DPIC conftest.c >&5
configure:7684: $? = 0
configure:7692: result: yes
configure:7716: checking if gcc supports -c -o file.o
configure:7740: gcc -c -g -O2  -o out/conftest2.o conftest.c >&5
configure:7744: $? = 0
configure:7761: result: yes
configure:7787: checking whether the gcc linker (/usr/bin/ld) supports shared libraries
configure:8634: result: yes
configure:8660: checking whether -lc should be explicitly linked in
configure:8665: gcc -c -g -O2  conftest.c >&5
configure:8668: $? = 0
configure:8682: gcc -shared conftest.o  -v -Wl,-soname -Wl,conftest -o conftest 2\>\&1 \| grep  -lc  \>/dev/null 2\>\&1
configure:8685: $? = 0
configure:8697: result: no
configure:8705: checking dynamic linker characteristics
configure:9257: result: GNU/Linux ld.so
configure:9261: checking how to hardcode library paths into programs
configure:9286: result: immediate
configure:9300: checking whether stripping libraries is possible
configure:9305: result: yes
configure:10128: checking if libtool supports shared libraries
configure:10130: result: yes
configure:10133: checking whether to build shared libraries
configure:10191: result: yes
configure:10194: checking whether to build static libraries
configure:10198: result: yes
configure:10290: creating libtool
configure:10837: checking for ld used by g++
configure:10904: result: /usr/bin/ld
configure:10913: checking if the linker (/usr/bin/ld) is GNU ld
configure:10928: result: yes
configure:10979: checking whether the g++ linker (/usr/bin/ld) supports shared libraries
configure:11805: result: yes
configure:11823: g++ -c -g -O2  conftest.cc >&5
configure:11826: $? = 0
configure:11922: checking for g++ option to produce PIC
configure:12174: result: -fPIC
configure:12182: checking if g++ PIC flag -fPIC works
configure:12203: g++ -c -g -O2  -fPIC -DPIC conftest.cc >&5
configure:12207: $? = 0
configure:12215: result: yes
configure:12239: checking if g++ supports -c -o file.o
configure:12263: g++ -c -g -O2  -o out/conftest2.o conftest.cc >&5
configure:12267: $? = 0
configure:12284: result: yes
configure:12310: checking whether the g++ linker (/usr/bin/ld) supports shared libraries
configure:12338: result: yes
configure:12409: checking dynamic linker characteristics
configure:12961: result: GNU/Linux ld.so
configure:12965: checking how to hardcode library paths into programs
configure:12990: result: immediate
configure:13004: checking whether stripping libraries is possible
configure:13009: result: yes
configure:20266: checking for a BSD-compatible install
configure:20321: result: /usr/bin/install -c
configure:20366: checking alloca.h usability
configure:20378: gcc -c -Wall -g -O2  conftest.c >&5
configure:20384: $? = 0
configure:20387: test -z 			 || test ! -s conftest.err
configure:20390: $? = 0
configure:20393: test -s conftest.o
configure:20396: $? = 0
configure:20406: result: yes
configure:20410: checking alloca.h presence
configure:20420: gcc -E  conftest.c
configure:20426: $? = 0
configure:20446: result: yes
configure:20481: checking for alloca.h
configure:20488: result: yes
configure:20366: checking float.h usability
configure:20378: gcc -c -Wall -g -O2  conftest.c >&5
configure:20384: $? = 0
configure:20387: test -z 			 || test ! -s conftest.err
configure:20390: $? = 0
configure:20393: test -s conftest.o
configure:20396: $? = 0
configure:20406: result: yes
configure:20410: checking float.h presence
configure:20420: gcc -E  conftest.c
configure:20426: $? = 0
configure:20446: result: yes
configure:20481: checking for float.h
configure:20488: result: yes
configure:20366: checking libintl.h usability
configure:20378: gcc -c -Wall -g -O2  conftest.c >&5
configure:20384: $? = 0
configure:20387: test -z 			 || test ! -s conftest.err
configure:20390: $? = 0
configure:20393: test -s conftest.o
configure:20396: $? = 0
configure:20406: result: yes
configure:20410: checking libintl.h presence
configure:20420: gcc -E  conftest.c
configure:20426: $? = 0
configure:20446: result: yes
configure:20481: checking for libintl.h
configure:20488: result: yes
configure:20366: checking mcheck.h usability
configure:20378: gcc -c -Wall -g -O2  conftest.c >&5
configure:20384: $? = 0
configure:20387: test -z 			 || test ! -s conftest.err
configure:20390: $? = 0
configure:20393: test -s conftest.o
configure:20396: $? = 0
configure:20406: result: yes
configure:20410: checking mcheck.h presence
configure:20420: gcc -E  conftest.c
configure:20426: $? = 0
configure:20446: result: yes
configure:20481: checking for mcheck.h
configure:20488: result: yes
configure:20357: checking for unistd.h
configure:20362: result: yes
configure:20501: checking for /usr/ucblib in LIBS
configure:20513: result: no
configure:20524: checking for strerror
configure:20581: gcc -o conftest -Wall -g -O2   conftest.c  >&5
configure:20587: $? = 0
configure:20590: test -z 			 || test ! -s conftest.err
configure:20593: $? = 0
configure:20596: test -s conftest
configure:20599: $? = 0
configure:20611: result: yes
configure:20524: checking for mtrace
configure:20581: gcc -o conftest -Wall -g -O2   conftest.c  >&5
configure:20587: $? = 0
configure:20590: test -z 			 || test ! -s conftest.err
configure:20593: $? = 0
configure:20596: test -s conftest
configure:20599: $? = 0
configure:20611: result: yes
configure:20524: checking for getuid
configure:20581: gcc -o conftest -Wall -g -O2   conftest.c  >&5
configure:20587: $? = 0
configure:20590: test -z 			 || test ! -s conftest.err
configure:20593: $? = 0
configure:20596: test -s conftest
configure:20599: $? = 0
configure:20611: result: yes
configure:20524: checking for geteuid
configure:20581: gcc -o conftest -Wall -g -O2   conftest.c  >&5
configure:20587: $? = 0
configure:20590: test -z 			 || test ! -s conftest.err
configure:20593: $? = 0
configure:20596: test -s conftest
configure:20599: $? = 0
configure:20611: result: yes
configure:20621: checking for setreuid
configure:20678: gcc -o conftest -Wall -g -O2   conftest.c  >&5
configure:20684: $? = 0
configure:20687: test -z 			 || test ! -s conftest.err
configure:20690: $? = 0
configure:20693: test -s conftest
configure:20696: $? = 0
configure:20708: result: yes
configure:20940: creating ./config.status

## ---------------------- ##
## Running config.status. ##
## ---------------------- ##

This file was extended by config.status, which was
generated by GNU Autoconf 2.59.  Invocation command line was

  CONFIG_FILES    = 
  CONFIG_HEADERS  = 
  CONFIG_LINKS    = 
  CONFIG_COMMANDS = 
  $ ./config.status 

on silver

config.status:762: creating Makefile
config.status:828: creating config.h
config.status:962: config.h is unchanged
config.status:1142: executing depfiles commands

## ---------------- ##
## Cache variables. ##
## ---------------- ##

ac_cv_build=i686-pc-linux-gnu
ac_cv_build_alias=i686-pc-linux-gnu
ac_cv_c_compiler_gnu=yes
ac_cv_cxx_compiler_gnu=yes
ac_cv_env_CC_set=
ac_cv_env_CC_value=
ac_cv_env_CFLAGS_set=
ac_cv_env_CFLAGS_value=
ac_cv_env_CPPFLAGS_set=
ac_cv_env_CPPFLAGS_value=
ac_cv_env_CPP_set=
ac_cv_env_CPP_value=
ac_cv_env_CXXCPP_set=
ac_cv_env_CXXCPP_value=
ac_cv_env_CXXFLAGS_set=
ac_cv_env_CXXFLAGS_value=
ac_cv_env_CXX_set=
ac_cv_env_CXX_value=
ac_cv_env_F77_set=
ac_cv_env_F77_value=
ac_cv_env_FFLAGS_set=
ac_cv_env_FFLAGS_value=
ac_cv_env_LDFLAGS_set=
ac_cv_env_LDFLAGS_value=
ac_cv_env_build_alias_set=
ac_cv_env_build_alias_value=
ac_cv_env_host_alias_set=
ac_cv_env_host_alias_value=
ac_cv_env_target_alias_set=
ac_cv_env_target_alias_value=
ac_cv_exeext=
ac_cv_f77_compiler_gnu=no
ac_cv_func_geteuid=yes
ac_cv_func_getuid=yes
ac_cv_func_mtrace=yes
ac_cv_func_setreuid=yes
ac_cv_func_strerror=yes
ac_cv_header_alloca_h=yes
ac_cv_header_dlfcn_h=yes
ac_cv_header_float_h=yes
ac_cv_header_inttypes_h=yes
ac_cv_header_libintl_h=yes
ac_cv_header_mcheck_h=yes
ac_cv_header_memory_h=yes
ac_cv_header_stdc=yes
ac_cv_header_stdint_h=yes
ac_cv_header_stdlib_h=yes
ac_cv_header_string_h=yes
ac_cv_header_strings_h=yes
ac_cv_header_sys_stat_h=yes
ac_cv_header_sys_types_h=yes
ac_cv_header_unistd_h=yes
ac_cv_host=i686-pc-linux-gnu
ac_cv_host_alias=i686-pc-linux-gnu
ac_cv_objext=o
ac_cv_path_install='/usr/bin/install -c'
ac_cv_prog_AWK=mawk
ac_cv_prog_CPP='gcc -E'
ac_cv_prog_CXXCPP='g++ -E'
ac_cv_prog_ac_ct_AR=ar
ac_cv_prog_ac_ct_CC=gcc
ac_cv_prog_ac_ct_CXX=g++
ac_cv_prog_ac_ct_RANLIB=ranlib
ac_cv_prog_ac_ct_STRIP=strip
ac_cv_prog_cc_g=yes
ac_cv_prog_cc_stdc=
ac_cv_prog_cxx_g=yes
ac_cv_prog_egrep='grep -E'
ac_cv_prog_f77_g=no
ac_cv_prog_gcc_traditional=no
ac_cv_prog_make_make_set=yes
ac_cv_search_strerror='none required'
ac_cv_target=i686-pc-linux-gnu
ac_cv_target_alias=i686-pc-linux-gnu
am_cv_CC_dependencies_compiler_type=gcc3
am_cv_CXX_dependencies_compiler_type=gcc3
lt_cv_deplibs_check_method=pass_all
lt_cv_file_magic_cmd='$MAGIC_CMD'
lt_cv_file_magic_test_file=
lt_cv_ld_reload_flag=-r
lt_cv_objdir=.libs
lt_cv_path_LD=/usr/bin/ld
lt_cv_path_LDCXX=/usr/bin/ld
lt_cv_path_NM='/usr/bin/nm -B'
lt_cv_path_SED=/bin/sed
lt_cv_prog_compiler_c_o=yes
lt_cv_prog_compiler_c_o_CXX=yes
lt_cv_prog_compiler_rtti_exceptions=no
lt_cv_prog_gnu_ld=yes
lt_cv_prog_gnu_ldcxx=yes
lt_cv_sys_global_symbol_pipe='sed -n -e '\''s/^.*[ 	]\([ABCDGIRSTW][ABCDGIRSTW]*\)[ 	][ 	]*\(\)\([_A-Za-z][_A-Za-z0-9]*\)$/\1 \2\3 \3/p'\'''
lt_cv_sys_global_symbol_to_c_name_address='sed -n -e '\''s/^: \([^ ]*\) $/  {\"\1\", (lt_ptr) 0},/p'\'' -e '\''s/^[BCDEGRST] \([^ ]*\) \([^ ]*\)$/  {"\2", (lt_ptr) \&\2},/p'\'''
lt_cv_sys_global_symbol_to_cdecl='sed -n -e '\''s/^. .* \(.*\)$/extern int \1;/p'\'''
lt_cv_sys_max_cmd_len=32768
lt_lt_cv_prog_compiler_c_o='"yes"'
lt_lt_cv_prog_compiler_c_o_CXX='"yes"'
lt_lt_cv_sys_global_symbol_pipe='"sed -n -e '\''s/^.*[ 	]\\([ABCDGIRSTW][ABCDGIRSTW]*\\)[ 	][ 	]*\\(\\)\\([_A-Za-z][_A-Za-z0-9]*\\)\$/\\1 \\2\\3 \\3/p'\''"'
lt_lt_cv_sys_global_symbol_to_c_name_address='"sed -n -e '\''s/^: \\([^ ]*\\) \$/  {\\\"\\1\\\", (lt_ptr) 0},/p'\'' -e '\''s/^[BCDEGRST] \\([^ ]*\\) \\([^ ]*\\)\$/  {\"\\2\", (lt_ptr) \\&\\2},/p'\''"'
lt_lt_cv_sys_global_symbol_to_cdecl='"sed -n -e '\''s/^. .* \\(.*\\)\$/extern int \\1;/p'\''"'

## ----------------- ##
## Output variables. ##
## ----------------- ##

ACLOCAL='${SHELL} /home/seb/work/sources/subversion/sandbox/svm-partial-inlining/missing --run aclocal-1.9'
AMDEPBACKSLASH='\'
AMDEP_FALSE='#'
AMDEP_TRUE=''
AMTAR='${SHELL} /home/seb/work/sources/subversion/sandbox/svm-partial-inlining/missing --run tar'
ANSI2KNR=''
AR='ar'
AUTOCONF='${SHELL} /home/seb/work/sources/subversion/sandbox/svm-partial-inlining/missing --run autoconf'
AUTOHEADER='${SHELL} /home/seb/work/sources/subversion/sandbox/svm-partial-inlining/missing --run autoheader'
AUTOMAKE='${SHELL} /home/seb/work/sources/subversion/sandbox/svm-partial-inlining/missing --run automake-1.9'
AWK='mawk'
CC='gcc'
CCDEPMODE='depmode=gcc3'
CFLAGS='-Wall -g -O2'
CONV_ONLY_LIBPOPT_FALSE=''
CONV_ONLY_LIBPOPT_TRUE='#'
CPP='gcc -E'
CPPFLAGS=''
CXX='g++'
CXXCPP='g++ -E'
CXXDEPMODE='depmode=gcc3'
CXXFLAGS='-g -O2'
CYGPATH_W='echo'
DEFS='-DHAVE_CONFIG_H'
DEPDIR='.deps'
ECHO='echo'
ECHO_C=''
ECHO_N='-n'
ECHO_T=''
EGREP='grep -E'
EXEEXT=''
F77=''
FFLAGS=''
INSTALL_DATA='${INSTALL} -m 644'
INSTALL_PROGRAM='${INSTALL}'
INSTALL_SCRIPT='${INSTALL}'
INSTALL_STRIP_PROGRAM='${SHELL} $(install_sh) -c -s'
LDFLAGS=''
LIBOBJS=''
LIBS=''
LIBTOOL='$(SHELL) $(top_builddir)/libtool'
LN_S='ln -s'
LTLIBOBJS=''
MAKEINFO='${SHELL} /home/seb/work/sources/subversion/sandbox/svm-partial-inlining/missing --run makeinfo'
OBJEXT='o'
PACKAGE='popt-sable'
PACKAGE_BUGREPORT=''
PACKAGE_NAME=''
PACKAGE_STRING=''
PACKAGE_TARNAME=''
PACKAGE_VERSION=''
PATH_SEPARATOR=':'
POPT_SOURCE_PATH='/home/seb/work/sources/subversion/sandbox/svm-partial-inlining/src/libpopt'
RANLIB='ranlib'
SET_MAKE=''
SHELL='/bin/sh'
STRIP='strip'
U=''
VERSION='1.7'
ac_ct_AR='ar'
ac_ct_CC='gcc'
ac_ct_CXX='g++'
ac_ct_F77=''
ac_ct_RANLIB='ranlib'
ac_ct_STRIP='strip'
am__fastdepCC_FALSE='#'
am__fastdepCC_TRUE=''
am__fastdepCXX_FALSE='#'
am__fastdepCXX_TRUE=''
am__include='include'
am__leading_dot='.'
am__quote=''
am__tar='${AMTAR} chof - "$$tardir"'
am__untar='${AMTAR} xf -'
bindir='${exec_prefix}/bin'
build='i686-pc-linux-gnu'
build_alias=''
build_cpu='i686'
build_os='linux-gnu'
build_vendor='pc'
datadir='${prefix}/share'
exec_prefix='${prefix}'
host='i686-pc-linux-gnu'
host_alias=''
host_cpu='i686'
host_os='linux-gnu'
host_vendor='pc'
includedir='${prefix}/include'
infodir='${prefix}/info'
install_sh='/home/seb/work/sources/subversion/sandbox/svm-partial-inlining/install-sh'
libdir='${exec_prefix}/lib'
libexecdir='${exec_prefix}/libexec'
localstatedir='${prefix}/var'
mandir='${prefix}/man'
mkdir_p='mkdir -p --'
oldincludedir='/usr/include'
prefix='/home/seb/work/sablevm_usr/usr-partial-inlining-switch'
program_transform_name='s,x,x,'
sbindir='${exec_prefix}/sbin'
sharedstatedir='${prefix}/com'
sysconfdir='${prefix}/etc'
target='i686-pc-linux-gnu'
target_alias=''
target_cpu='i686'
target_os='linux-gnu'
target_vendor='pc'

## ----------- ##
## confdefs.h. ##
## ----------- ##

#define HAVE_ALLOCA_H 1
#define HAVE_DLFCN_H 1
#define HAVE_FLOAT_H 1
#define HAVE_GETEUID 1
#define HAVE_GETUID 1
#define HAVE_INTTYPES_H 1
#define HAVE_LIBINTL_H 1
#define HAVE_MCHECK_H 1
#define HAVE_MEMORY_H 1
#define HAVE_MTRACE 1
#define HAVE_STDINT_H 1
#define HAVE_STDLIB_H 1
#define HAVE_STRERROR 1
#define HAVE_STRINGS_H 1
#define HAVE_STRING_H 1
#define HAVE_STRING_H 1
#define HAVE_SYS_STAT_H 1
#define HAVE_SYS_TYPES_H 1
#define HAVE_UNISTD_H 1
#define HAVE_UNISTD_H 1
#define PACKAGE "popt-sable"
#define PACKAGE_BUGREPORT ""
#define PACKAGE_NAME ""
#define PACKAGE_STRING ""
#define PACKAGE_TARNAME ""
#define PACKAGE_VERSION ""
#define POPT_SOURCE_PATH "/home/seb/work/sources/subversion/sandbox/svm-partial-inlining/src/libpopt"
#define PROTOTYPES 1
#define STDC_HEADERS 1
#define VERSION "1.7"
#define __PROTOTYPES 1
#endif
#ifdef __cplusplus
extern "C" void std::exit (int) throw (); using std::exit;

configure: exit 0
